

Processing InfoController#properties (for 127.0.0.1 at 2008-02-07 11:38:18) [GET]
  Session ID: 091c43f465f212422b91ddbcbdd58740
  Parameters: {"action"=>"properties", "controller"=>"rails/info"}
  [4;36;1mSQL (0.000000)[0m   [0;1mSQLite3::SQLException: no such table: schema_info: SELECT version FROM schema_info[0m
Completed in 0.07811 (12 reqs/sec) | Rendering: 0.00117 (1%) | DB: 0.00000 (0%) | 200 OK [http://localhost/rails/info/properties]
  [4;36;1mSQL (0.014893)[0m   [0;1mselect sqlite_version(*)[0m
  [4;35;1mSQL (0.002080)[0m   [0mCREATE TABLE schema_info (version integer)[0m
  [4;36;1mSQL (0.001708)[0m   [0;1mINSERT INTO schema_info (version) VALUES(0)[0m
  [4;35;1mSQL (0.000271)[0m   [0mSELECT * FROM schema_info[0m
  [4;36;1mSQL (0.000215)[0m   [0;1m SELECT name
 FROM sqlite_master
 WHERE type = 'table' AND NOT name = 'sqlite_sequence'
[0m
  [4;35;1mSQL (0.000207)[0m   [0mselect sqlite_version(*)[0m
  [4;36;1mSQL (0.002018)[0m   [0;1mCREATE TABLE schema_info (version integer)[0m
  [4;35;1mSQL (0.001907)[0m   [0mINSERT INTO schema_info (version) VALUES(0)[0m
  [4;36;1mSQL (0.002673)[0m   [0;1mUPDATE schema_info SET version = 0[0m


Processing InfoController#properties (for 127.0.0.1 at 2008-02-07 12:14:50) [GET]
  Session ID: BAh7BiIKZmxhc2hJQzonQWN0aW9uQ29udHJvbGxlcjo6Rmxhc2g6OkZsYXNo%0ASGFzaHsABjoKQHVzZWR7AA%3D%3D--8ed8ba74dd53b56f4e68310f6cb457a7a3f82937
  Parameters: {"action"=>"properties", "controller"=>"rails/info"}
  [4;36;1mSQL (0.014520)[0m   [0;1mSET SQL_AUTO_IS_NULL=0[0m
  [4;35;1mSQL (0.000000)[0m   [0mMysql::Error: Table 'nsfreu.schema_info' doesn't exist: SELECT version FROM schema_info[0m
Completed in 0.08037 (12 reqs/sec) | Rendering: 0.00100 (1%) | DB: 0.01452 (18%) | 200 OK [http://localhost/rails/info/properties]
  [4;36;1mSQL (0.000252)[0m   [0;1mSET SQL_AUTO_IS_NULL=0[0m
  [4;36;1mSQL (0.000375)[0m   [0;1mSET SQL_AUTO_IS_NULL=0[0m
  [4;35;1mSQL (0.052034)[0m   [0mCREATE TABLE `schema_info` (version int(11))[0m
  [4;36;1mSQL (0.000692)[0m   [0;1mINSERT INTO `schema_info` (version) VALUES(0)[0m
  [4;35;1mSQL (0.000000)[0m   [0mMysql::Error: Table 'schema_info' already exists: CREATE TABLE `schema_info` (version int(11))[0m
  [4;36;1mSQL (0.000469)[0m   [0;1mSELECT version FROM schema_info[0m
Migrating to CreateSessions (1)
  [4;35;1mSQL (0.432943)[0m   [0mCREATE TABLE `sessions` (`id` int(11) DEFAULT NULL auto_increment PRIMARY KEY, `session_id` varchar(255) NOT NULL, `data` text DEFAULT NULL, `created_at` datetime DEFAULT NULL, `updated_at` datetime DEFAULT NULL) ENGINE=InnoDB[0m
  [4;36;1mSQL (0.066917)[0m   [0;1mCREATE INDEX `index_sessions_on_session_id` ON `sessions` (`session_id`)[0m
  [4;35;1mSQL (0.006066)[0m   [0mCREATE INDEX `index_sessions_on_updated_at` ON `sessions` (`updated_at`)[0m
  [4;36;1mSQL (0.000309)[0m   [0;1mUPDATE schema_info SET version = 1[0m
  [4;35;1mSQL (0.000407)[0m   [0mSELECT * FROM schema_info[0m
  [4;36;1mSQL (0.001055)[0m   [0;1mSHOW TABLES[0m
  [4;35;1mSQL (0.002267)[0m   [0mSHOW FIELDS FROM `sessions`[0m
  [4;36;1mSQL (0.002233)[0m   [0;1mdescribe `sessions`[0m
  [4;35;1mSQL (0.000461)[0m   [0mSHOW KEYS FROM `sessions`[0m
  [4;36;1mSQL (0.000309)[0m   [0;1mSET SQL_AUTO_IS_NULL=0[0m
  [4;35;1mSQL (0.000000)[0m   [0mMysql::Error: Table 'schema_info' already exists: CREATE TABLE `schema_info` (version int(11))[0m
  [4;36;1mSQL (0.000000)[0m   [0;1mMysql::Error: Table 'schema_info' already exists: CREATE TABLE `schema_info` (version int(11))[0m
  [4;35;1mSQL (0.000394)[0m   [0mSELECT version FROM schema_info[0m
  [4;36;1mSQL (0.000121)[0m   [0;1mSELECT version FROM schema_info[0m
Migrating to CreateUsers (2)
  [4;35;1mSQL (0.000000)[0m   [0mMysql::Error: Unknown table 'users': DROP TABLE `users`[0m
  [4;36;1mSQL (0.089582)[0m   [0;1mCREATE TABLE `users` (`id` int(11) DEFAULT NULL auto_increment PRIMARY KEY, `login` varchar(255) DEFAULT NULL, `email` varchar(255) DEFAULT NULL, `crypted_password` varchar(40) DEFAULT NULL, `salt` varchar(40) DEFAULT NULL, `created_at` datetime DEFAULT NULL, `updated_at` datetime DEFAULT NULL, `remember_token` varchar(255) DEFAULT NULL, `remember_token_expires_at` datetime DEFAULT NULL) ENGINE=InnoDB[0m
  [4;35;1mSQL (0.000630)[0m   [0mUPDATE schema_info SET version = 2[0m
  [4;36;1mSQL (0.000411)[0m   [0;1mSELECT * FROM schema_info[0m
  [4;35;1mSQL (0.000593)[0m   [0mSHOW TABLES[0m
  [4;36;1mSQL (0.001611)[0m   [0;1mSHOW FIELDS FROM `sessions`[0m
  [4;35;1mSQL (0.002445)[0m   [0mdescribe `sessions`[0m
  [4;36;1mSQL (0.001381)[0m   [0;1mSHOW KEYS FROM `sessions`[0m
  [4;35;1mSQL (0.013527)[0m   [0mSHOW FIELDS FROM `users`[0m
  [4;36;1mSQL (0.002799)[0m   [0;1mdescribe `users`[0m
  [4;35;1mSQL (0.000677)[0m   [0mSHOW KEYS FROM `users`[0m


Processing InfoController#properties (for 127.0.0.1 at 2008-02-07 12:26:48) [GET]
  Session ID: 3ccdc45a92d795d242450e6fd2577222
  Parameters: {"action"=>"properties", "controller"=>"rails/info"}
  [4;36;1mSQL (0.000255)[0m   [0;1mSELECT version FROM schema_info[0m
Completed in 0.02048 (48 reqs/sec) | Rendering: 0.00118 (5%) | DB: 0.00026 (1%) | 200 OK [http://localhost/rails/info/properties]


Processing UsersController#index (for 127.0.0.1 at 2008-02-07 12:26:55) [GET]
  Session ID: 3ccdc45a92d795d242450e6fd2577222
  Parameters: {"action"=>"index", "controller"=>"users"}


ActionController::UnknownAction (No action responded to index):
    /Library/Ruby/Gems/1.8/gems/actionpack-2.0.2/lib/action_controller/filters.rb:697:in `call_filters'
    /Library/Ruby/Gems/1.8/gems/actionpack-2.0.2/lib/action_controller/filters.rb:689:in `perform_action_without_benchmark'
    /Library/Ruby/Gems/1.8/gems/actionpack-2.0.2/lib/action_controller/benchmarking.rb:68:in `perform_action_without_rescue'
    /System/Library/Frameworks/Ruby.framework/Versions/1.8/usr/lib/ruby/1.8/benchmark.rb:293:in `measure'
    /Library/Ruby/Gems/1.8/gems/actionpack-2.0.2/lib/action_controller/benchmarking.rb:68:in `perform_action_without_rescue'
    /Library/Ruby/Gems/1.8/gems/actionpack-2.0.2/lib/action_controller/rescue.rb:199:in `perform_action_without_caching'
    /Library/Ruby/Gems/1.8/gems/actionpack-2.0.2/lib/action_controller/caching.rb:678:in `perform_action'
    /Library/Ruby/Gems/1.8/gems/activerecord-2.0.2/lib/active_record/connection_adapters/abstract/query_cache.rb:33:in `cache'
    /Library/Ruby/Gems/1.8/gems/activerecord-2.0.2/lib/active_record/query_cache.rb:8:in `cache'
    /Library/Ruby/Gems/1.8/gems/actionpack-2.0.2/lib/action_controller/caching.rb:677:in `perform_action'
    /Library/Ruby/Gems/1.8/gems/actionpack-2.0.2/lib/action_controller/base.rb:524:in `send'
    /Library/Ruby/Gems/1.8/gems/actionpack-2.0.2/lib/action_controller/base.rb:524:in `process_without_filters'
    /Library/Ruby/Gems/1.8/gems/actionpack-2.0.2/lib/action_controller/filters.rb:685:in `process_without_session_management_support'
    /Library/Ruby/Gems/1.8/gems/actionpack-2.0.2/lib/action_controller/session_management.rb:123:in `process'
    /Library/Ruby/Gems/1.8/gems/actionpack-2.0.2/lib/action_controller/base.rb:388:in `process'
    /Library/Ruby/Gems/1.8/gems/actionpack-2.0.2/lib/action_controller/dispatcher.rb:171:in `handle_request'
    /Library/Ruby/Gems/1.8/gems/actionpack-2.0.2/lib/action_controller/dispatcher.rb:115:in `dispatch'
    /Library/Ruby/Gems/1.8/gems/actionpack-2.0.2/lib/action_controller/dispatcher.rb:126:in `dispatch_cgi'
    /Library/Ruby/Gems/1.8/gems/actionpack-2.0.2/lib/action_controller/dispatcher.rb:9:in `dispatch'
    /Library/Ruby/Gems/1.8/gems/mongrel-1.1.3/bin/../lib/mongrel/rails.rb:76:in `process'
    /Library/Ruby/Gems/1.8/gems/mongrel-1.1.3/bin/../lib/mongrel/rails.rb:74:in `synchronize'
    /Library/Ruby/Gems/1.8/gems/mongrel-1.1.3/bin/../lib/mongrel/rails.rb:74:in `process'
    /Library/Ruby/Gems/1.8/gems/mongrel-1.1.3/bin/../lib/mongrel.rb:159:in `process_client'
    /Library/Ruby/Gems/1.8/gems/mongrel-1.1.3/bin/../lib/mongrel.rb:158:in `each'
    /Library/Ruby/Gems/1.8/gems/mongrel-1.1.3/bin/../lib/mongrel.rb:158:in `process_client'
    /Library/Ruby/Gems/1.8/gems/mongrel-1.1.3/bin/../lib/mongrel.rb:285:in `run'
    /Library/Ruby/Gems/1.8/gems/mongrel-1.1.3/bin/../lib/mongrel.rb:285:in `initialize'
    /Library/Ruby/Gems/1.8/gems/mongrel-1.1.3/bin/../lib/mongrel.rb:285:in `new'
    /Library/Ruby/Gems/1.8/gems/mongrel-1.1.3/bin/../lib/mongrel.rb:285:in `run'
    /Library/Ruby/Gems/1.8/gems/mongrel-1.1.3/bin/../lib/mongrel.rb:268:in `initialize'
    /Library/Ruby/Gems/1.8/gems/mongrel-1.1.3/bin/../lib/mongrel.rb:268:in `new'
    /Library/Ruby/Gems/1.8/gems/mongrel-1.1.3/bin/../lib/mongrel.rb:268:in `run'
    /Library/Ruby/Gems/1.8/gems/mongrel-1.1.3/bin/../lib/mongrel/configurator.rb:282:in `run'
    /Library/Ruby/Gems/1.8/gems/mongrel-1.1.3/bin/../lib/mongrel/configurator.rb:281:in `each'
    /Library/Ruby/Gems/1.8/gems/mongrel-1.1.3/bin/../lib/mongrel/configurator.rb:281:in `run'
    /Library/Ruby/Gems/1.8/gems/mongrel-1.1.3/bin/mongrel_rails:128:in `run'
    /Library/Ruby/Gems/1.8/gems/mongrel-1.1.3/bin/../lib/mongrel/command.rb:212:in `run'
    /Library/Ruby/Gems/1.8/gems/mongrel-1.1.3/bin/mongrel_rails:281
    /usr/bin/mongrel_rails:19:in `load'
    /usr/bin/mongrel_rails:19

Rendering /Library/Ruby/Gems/1.8/gems/actionpack-2.0.2/lib/action_controller/templates/rescues/layout.erb (not_found)


Processing UsersController#index (for 127.0.0.1 at 2008-02-07 12:27:39) [GET]
  Session ID: 3ccdc45a92d795d242450e6fd2577222
  Parameters: {"action"=>"index", "controller"=>"users"}


ActionController::UnknownAction (No action responded to index):
    /Library/Ruby/Gems/1.8/gems/actionpack-2.0.2/lib/action_controller/filters.rb:697:in `call_filters'
    /Library/Ruby/Gems/1.8/gems/actionpack-2.0.2/lib/action_controller/filters.rb:689:in `perform_action_without_benchmark'
    /Library/Ruby/Gems/1.8/gems/actionpack-2.0.2/lib/action_controller/benchmarking.rb:68:in `perform_action_without_rescue'
    /System/Library/Frameworks/Ruby.framework/Versions/1.8/usr/lib/ruby/1.8/benchmark.rb:293:in `measure'
    /Library/Ruby/Gems/1.8/gems/actionpack-2.0.2/lib/action_controller/benchmarking.rb:68:in `perform_action_without_rescue'
    /Library/Ruby/Gems/1.8/gems/actionpack-2.0.2/lib/action_controller/rescue.rb:199:in `perform_action_without_caching'
    /Library/Ruby/Gems/1.8/gems/actionpack-2.0.2/lib/action_controller/caching.rb:678:in `perform_action'
    /Library/Ruby/Gems/1.8/gems/activerecord-2.0.2/lib/active_record/connection_adapters/abstract/query_cache.rb:33:in `cache'
    /Library/Ruby/Gems/1.8/gems/activerecord-2.0.2/lib/active_record/query_cache.rb:8:in `cache'
    /Library/Ruby/Gems/1.8/gems/actionpack-2.0.2/lib/action_controller/caching.rb:677:in `perform_action'
    /Library/Ruby/Gems/1.8/gems/actionpack-2.0.2/lib/action_controller/base.rb:524:in `send'
    /Library/Ruby/Gems/1.8/gems/actionpack-2.0.2/lib/action_controller/base.rb:524:in `process_without_filters'
    /Library/Ruby/Gems/1.8/gems/actionpack-2.0.2/lib/action_controller/filters.rb:685:in `process_without_session_management_support'
    /Library/Ruby/Gems/1.8/gems/actionpack-2.0.2/lib/action_controller/session_management.rb:123:in `process'
    /Library/Ruby/Gems/1.8/gems/actionpack-2.0.2/lib/action_controller/base.rb:388:in `process'
    /Library/Ruby/Gems/1.8/gems/actionpack-2.0.2/lib/action_controller/dispatcher.rb:171:in `handle_request'
    /Library/Ruby/Gems/1.8/gems/actionpack-2.0.2/lib/action_controller/dispatcher.rb:115:in `dispatch'
    /Library/Ruby/Gems/1.8/gems/actionpack-2.0.2/lib/action_controller/dispatcher.rb:126:in `dispatch_cgi'
    /Library/Ruby/Gems/1.8/gems/actionpack-2.0.2/lib/action_controller/dispatcher.rb:9:in `dispatch'
    /Library/Ruby/Gems/1.8/gems/mongrel-1.1.3/bin/../lib/mongrel/rails.rb:76:in `process'
    /Library/Ruby/Gems/1.8/gems/mongrel-1.1.3/bin/../lib/mongrel/rails.rb:74:in `synchronize'
    /Library/Ruby/Gems/1.8/gems/mongrel-1.1.3/bin/../lib/mongrel/rails.rb:74:in `process'
    /Library/Ruby/Gems/1.8/gems/mongrel-1.1.3/bin/../lib/mongrel.rb:159:in `process_client'
    /Library/Ruby/Gems/1.8/gems/mongrel-1.1.3/bin/../lib/mongrel.rb:158:in `each'
    /Library/Ruby/Gems/1.8/gems/mongrel-1.1.3/bin/../lib/mongrel.rb:158:in `process_client'
    /Library/Ruby/Gems/1.8/gems/mongrel-1.1.3/bin/../lib/mongrel.rb:285:in `run'
    /Library/Ruby/Gems/1.8/gems/mongrel-1.1.3/bin/../lib/mongrel.rb:285:in `initialize'
    /Library/Ruby/Gems/1.8/gems/mongrel-1.1.3/bin/../lib/mongrel.rb:285:in `new'
    /Library/Ruby/Gems/1.8/gems/mongrel-1.1.3/bin/../lib/mongrel.rb:285:in `run'
    /Library/Ruby/Gems/1.8/gems/mongrel-1.1.3/bin/../lib/mongrel.rb:268:in `initialize'
    /Library/Ruby/Gems/1.8/gems/mongrel-1.1.3/bin/../lib/mongrel.rb:268:in `new'
    /Library/Ruby/Gems/1.8/gems/mongrel-1.1.3/bin/../lib/mongrel.rb:268:in `run'
    /Library/Ruby/Gems/1.8/gems/mongrel-1.1.3/bin/../lib/mongrel/configurator.rb:282:in `run'
    /Library/Ruby/Gems/1.8/gems/mongrel-1.1.3/bin/../lib/mongrel/configurator.rb:281:in `each'
    /Library/Ruby/Gems/1.8/gems/mongrel-1.1.3/bin/../lib/mongrel/configurator.rb:281:in `run'
    /Library/Ruby/Gems/1.8/gems/mongrel-1.1.3/bin/mongrel_rails:128:in `run'
    /Library/Ruby/Gems/1.8/gems/mongrel-1.1.3/bin/../lib/mongrel/command.rb:212:in `run'
    /Library/Ruby/Gems/1.8/gems/mongrel-1.1.3/bin/mongrel_rails:281
    /usr/bin/mongrel_rails:19:in `load'
    /usr/bin/mongrel_rails:19

Rendering /Library/Ruby/Gems/1.8/gems/actionpack-2.0.2/lib/action_controller/templates/rescues/layout.erb (not_found)


Processing UsersController#new (for 127.0.0.1 at 2008-02-07 12:27:46) [GET]
  Session ID: 3ccdc45a92d795d242450e6fd2577222
  Parameters: {"action"=>"new", "controller"=>"users"}
Rendering users/new


ActionView::TemplateError (No :secret given to the #protect_from_forgery call.  Set that or use a session store capable of generating its own keys (Cookie Session Store).) on line #2 of users/new.html.erb:
1: <%= error_messages_for :user %>
2: <% form_for :user, :url => users_path do |f| -%>
3: <p><label for="login">Login</label><br/>
4: <%= f.text_field :login %></p>
5: 

    /Library/Ruby/Gems/1.8/gems/actionpack-2.0.2/lib/action_controller/request_forgery_protection.rb:107:in `form_authenticity_token'
    (eval):2:in `send'
    (eval):2:in `form_authenticity_token'
    /Library/Ruby/Gems/1.8/gems/actionpack-2.0.2/lib/action_view/helpers/form_tag_helper.rb:427:in `token_tag'
    /Library/Ruby/Gems/1.8/gems/actionpack-2.0.2/lib/action_view/helpers/form_tag_helper.rb:404:in `extra_tags_for_form'
    /Library/Ruby/Gems/1.8/gems/actionpack-2.0.2/lib/action_view/helpers/form_tag_helper.rb:412:in `form_tag_html'
    /Library/Ruby/Gems/1.8/gems/actionpack-2.0.2/lib/action_view/helpers/form_tag_helper.rb:41:in `form_tag'
    /Library/Ruby/Gems/1.8/gems/actionpack-2.0.2/lib/action_view/helpers/form_helper.rb:183:in `form_for'
    app/views/users/new.html.erb:2:in `_run_erb_47app47views47users47new46html46erb'
    /Library/Ruby/Gems/1.8/gems/actionpack-2.0.2/lib/action_view/base.rb:637:in `send'
    /Library/Ruby/Gems/1.8/gems/actionpack-2.0.2/lib/action_view/base.rb:637:in `compile_and_render_template'
    /Library/Ruby/Gems/1.8/gems/actionpack-2.0.2/lib/action_view/base.rb:365:in `render_template'
    /Library/Ruby/Gems/1.8/gems/actionpack-2.0.2/lib/action_view/base.rb:316:in `render_file'
    /Library/Ruby/Gems/1.8/gems/actionpack-2.0.2/lib/action_controller/base.rb:1100:in `render_for_file'
    /Library/Ruby/Gems/1.8/gems/actionpack-2.0.2/lib/action_controller/base.rb:836:in `render_with_no_layout'
    /Library/Ruby/Gems/1.8/gems/actionpack-2.0.2/lib/action_controller/layout.rb:270:in `render_without_benchmark'
    /Library/Ruby/Gems/1.8/gems/actionpack-2.0.2/lib/action_controller/benchmarking.rb:51:in `render'
    /System/Library/Frameworks/Ruby.framework/Versions/1.8/usr/lib/ruby/1.8/benchmark.rb:293:in `measure'
    /Library/Ruby/Gems/1.8/gems/actionpack-2.0.2/lib/action_controller/benchmarking.rb:51:in `render'
    /Library/Ruby/Gems/1.8/gems/actionpack-2.0.2/lib/action_controller/base.rb:1153:in `default_render'
    /Library/Ruby/Gems/1.8/gems/actionpack-2.0.2/lib/action_controller/base.rb:1159:in `perform_action_without_filters'
    /Library/Ruby/Gems/1.8/gems/actionpack-2.0.2/lib/action_controller/filters.rb:697:in `call_filters'
    /Library/Ruby/Gems/1.8/gems/actionpack-2.0.2/lib/action_controller/filters.rb:689:in `perform_action_without_benchmark'
    /Library/Ruby/Gems/1.8/gems/actionpack-2.0.2/lib/action_controller/benchmarking.rb:68:in `perform_action_without_rescue'
    /System/Library/Frameworks/Ruby.framework/Versions/1.8/usr/lib/ruby/1.8/benchmark.rb:293:in `measure'
    /Library/Ruby/Gems/1.8/gems/actionpack-2.0.2/lib/action_controller/benchmarking.rb:68:in `perform_action_without_rescue'
    /Library/Ruby/Gems/1.8/gems/actionpack-2.0.2/lib/action_controller/rescue.rb:199:in `perform_action_without_caching'
    /Library/Ruby/Gems/1.8/gems/actionpack-2.0.2/lib/action_controller/caching.rb:678:in `perform_action'
    /Library/Ruby/Gems/1.8/gems/activerecord-2.0.2/lib/active_record/connection_adapters/abstract/query_cache.rb:33:in `cache'
    /Library/Ruby/Gems/1.8/gems/activerecord-2.0.2/lib/active_record/query_cache.rb:8:in `cache'
    /Library/Ruby/Gems/1.8/gems/actionpack-2.0.2/lib/action_controller/caching.rb:677:in `perform_action'
    /Library/Ruby/Gems/1.8/gems/actionpack-2.0.2/lib/action_controller/base.rb:524:in `send'
    /Library/Ruby/Gems/1.8/gems/actionpack-2.0.2/lib/action_controller/base.rb:524:in `process_without_filters'
    /Library/Ruby/Gems/1.8/gems/actionpack-2.0.2/lib/action_controller/filters.rb:685:in `process_without_session_management_support'
    /Library/Ruby/Gems/1.8/gems/actionpack-2.0.2/lib/action_controller/session_management.rb:123:in `process'
    /Library/Ruby/Gems/1.8/gems/actionpack-2.0.2/lib/action_controller/base.rb:388:in `process'
    /Library/Ruby/Gems/1.8/gems/actionpack-2.0.2/lib/action_controller/dispatcher.rb:171:in `handle_request'
    /Library/Ruby/Gems/1.8/gems/actionpack-2.0.2/lib/action_controller/dispatcher.rb:115:in `dispatch'
    /Library/Ruby/Gems/1.8/gems/actionpack-2.0.2/lib/action_controller/dispatcher.rb:126:in `dispatch_cgi'
    /Library/Ruby/Gems/1.8/gems/actionpack-2.0.2/lib/action_controller/dispatcher.rb:9:in `dispatch'
    /Library/Ruby/Gems/1.8/gems/mongrel-1.1.3/lib/mongrel/rails.rb:76:in `process'
    /Library/Ruby/Gems/1.8/gems/mongrel-1.1.3/lib/mongrel/rails.rb:74:in `synchronize'
    /Library/Ruby/Gems/1.8/gems/mongrel-1.1.3/lib/mongrel/rails.rb:74:in `process'
    /Library/Ruby/Gems/1.8/gems/mongrel-1.1.3/lib/mongrel.rb:159:in `process_client'
    /Library/Ruby/Gems/1.8/gems/mongrel-1.1.3/lib/mongrel.rb:158:in `each'
    /Library/Ruby/Gems/1.8/gems/mongrel-1.1.3/lib/mongrel.rb:158:in `process_client'
    /Library/Ruby/Gems/1.8/gems/mongrel-1.1.3/lib/mongrel.rb:285:in `run'
    /Library/Ruby/Gems/1.8/gems/mongrel-1.1.3/lib/mongrel.rb:285:in `initialize'
    /Library/Ruby/Gems/1.8/gems/mongrel-1.1.3/lib/mongrel.rb:285:in `new'
    /Library/Ruby/Gems/1.8/gems/mongrel-1.1.3/lib/mongrel.rb:285:in `run'
    /Library/Ruby/Gems/1.8/gems/mongrel-1.1.3/lib/mongrel.rb:268:in `initialize'
    /Library/Ruby/Gems/1.8/gems/mongrel-1.1.3/lib/mongrel.rb:268:in `new'
    /Library/Ruby/Gems/1.8/gems/mongrel-1.1.3/lib/mongrel.rb:268:in `run'
    /Library/Ruby/Gems/1.8/gems/mongrel-1.1.3/lib/mongrel/configurator.rb:282:in `run'
    /Library/Ruby/Gems/1.8/gems/mongrel-1.1.3/lib/mongrel/configurator.rb:281:in `each'
    /Library/Ruby/Gems/1.8/gems/mongrel-1.1.3/lib/mongrel/configurator.rb:281:in `run'
    /Library/Ruby/Gems/1.8/gems/mongrel-1.1.3/bin/mongrel_rails:128:in `run'
    /Library/Ruby/Gems/1.8/gems/mongrel-1.1.3/lib/mongrel/command.rb:212:in `run'
    /Library/Ruby/Gems/1.8/gems/mongrel-1.1.3/bin/mongrel_rails:281
    /usr/bin/mongrel_rails:19:in `load'
    /usr/bin/mongrel_rails:19

Rendering /Library/Ruby/Gems/1.8/gems/actionpack-2.0.2/lib/action_controller/templates/rescues/layout.erb (internal_server_error)


Processing UsersController#new (for 127.0.0.1 at 2008-02-07 12:28:26) [GET]
  Session ID: 3ccdc45a92d795d242450e6fd2577222
  Parameters: {"action"=>"new", "controller"=>"users"}
Rendering users/new
Completed in 0.00624 (160 reqs/sec) | Rendering: 0.00318 (50%) | DB: 0.00000 (0%) | 200 OK [http://localhost/users/new]


Processing UsersController#create (for 127.0.0.1 at 2008-02-07 12:28:40) [POST]
  Session ID: 3ccdc45a92d795d242450e6fd2577222
  Parameters: {"user"=>{"password_confirmation"=>"buddha", "login"=>"jgrevich", "password"=>"buddha", "email"=>"jgrevich@ucsd.edu"}, "commit"=>"Sign up", "authenticity_token"=>"e90d5067a6f897d89f876a58f58664caaf9613c7", "action"=>"create", "controller"=>"users"}
Cookie set: auth_token=; path=/; expires=Thu, 01 Jan 1970 00:00:00 GMT
  [4;36;1mUser Columns (0.001703)[0m   [0;1mSHOW FIELDS FROM `users`[0m
  [4;35;1mSQL (0.001462)[0m   [0mBEGIN[0m
  [4;36;1mUser Load (0.001190)[0m   [0;1mSELECT * FROM `users` WHERE (LOWER(users.login) = 'jgrevich') LIMIT 1[0m
  [4;35;1mUser Load (0.000676)[0m   [0mSELECT * FROM `users` WHERE (LOWER(users.email) = 'jgrevich@ucsd.edu') LIMIT 1[0m
  [4;36;1mUser Create (0.000312)[0m   [0;1mINSERT INTO `users` (`salt`, `updated_at`, `crypted_password`, `remember_token_expires_at`, `remember_token`, `login`, `created_at`, `email`) VALUES('3f92d55e5717e7d492f1441fb115c1ab280e8beb', '2008-02-07 12:28:40', 'd3dc5cf7a480bf0090edec77266647be62763bde', NULL, NULL, 'jgrevich', '2008-02-07 12:28:40', 'jgrevich@ucsd.edu')[0m
  [4;35;1mSQL (0.000561)[0m   [0mCOMMIT[0m
Redirected to http://localhost:3000/
Completed in 0.07678 (13 reqs/sec) | DB: 0.00590 (7%) | 302 Found [http://localhost/users]


Processing ApplicationsController#index (for 127.0.0.1 at 2008-02-07 12:34:32) [GET]
  Session ID: 3ccdc45a92d795d242450e6fd2577222
  Parameters: {"action"=>"index", "controller"=>"applications"}


LoadError (Expected /Users/jjg/Sites/nsfreu/app/controllers/application.rb to define Application):
    /Library/Ruby/Gems/1.8/gems/activesupport-2.0.2/lib/active_support/dependencies.rb:249:in `load_missing_constant'
    /Library/Ruby/Gems/1.8/gems/activesupport-2.0.2/lib/active_support/dependencies.rb:453:in `const_missing'
    /Library/Ruby/Gems/1.8/gems/activesupport-2.0.2/lib/active_support/dependencies.rb:465:in `const_missing'
    /Library/Ruby/Gems/1.8/gems/activesupport-2.0.2/lib/active_support/dependencies.rb:260:in `load_missing_constant'
    /Library/Ruby/Gems/1.8/gems/activesupport-2.0.2/lib/active_support/dependencies.rb:469:in `const_missing'
    /app/controllers/applications_controller.rb:5:in `index'
    /Library/Ruby/Gems/1.8/gems/actionpack-2.0.2/lib/action_controller/base.rb:1158:in `send'
    /Library/Ruby/Gems/1.8/gems/actionpack-2.0.2/lib/action_controller/base.rb:1158:in `perform_action_without_filters'
    /Library/Ruby/Gems/1.8/gems/actionpack-2.0.2/lib/action_controller/filters.rb:697:in `call_filters'
    /Library/Ruby/Gems/1.8/gems/actionpack-2.0.2/lib/action_controller/filters.rb:689:in `perform_action_without_benchmark'
    /Library/Ruby/Gems/1.8/gems/actionpack-2.0.2/lib/action_controller/benchmarking.rb:68:in `perform_action_without_rescue'
    /System/Library/Frameworks/Ruby.framework/Versions/1.8/usr/lib/ruby/1.8/benchmark.rb:293:in `measure'
    /Library/Ruby/Gems/1.8/gems/actionpack-2.0.2/lib/action_controller/benchmarking.rb:68:in `perform_action_without_rescue'
    /Library/Ruby/Gems/1.8/gems/actionpack-2.0.2/lib/action_controller/rescue.rb:199:in `perform_action_without_caching'
    /Library/Ruby/Gems/1.8/gems/actionpack-2.0.2/lib/action_controller/caching.rb:678:in `perform_action'
    /Library/Ruby/Gems/1.8/gems/activerecord-2.0.2/lib/active_record/connection_adapters/abstract/query_cache.rb:33:in `cache'
    /Library/Ruby/Gems/1.8/gems/activerecord-2.0.2/lib/active_record/query_cache.rb:8:in `cache'
    /Library/Ruby/Gems/1.8/gems/actionpack-2.0.2/lib/action_controller/caching.rb:677:in `perform_action'
    /Library/Ruby/Gems/1.8/gems/actionpack-2.0.2/lib/action_controller/base.rb:524:in `send'
    /Library/Ruby/Gems/1.8/gems/actionpack-2.0.2/lib/action_controller/base.rb:524:in `process_without_filters'
    /Library/Ruby/Gems/1.8/gems/actionpack-2.0.2/lib/action_controller/filters.rb:685:in `process_without_session_management_support'
    /Library/Ruby/Gems/1.8/gems/actionpack-2.0.2/lib/action_controller/session_management.rb:123:in `process'
    /Library/Ruby/Gems/1.8/gems/actionpack-2.0.2/lib/action_controller/base.rb:388:in `process'
    /Library/Ruby/Gems/1.8/gems/actionpack-2.0.2/lib/action_controller/dispatcher.rb:171:in `handle_request'
    /Library/Ruby/Gems/1.8/gems/actionpack-2.0.2/lib/action_controller/dispatcher.rb:115:in `dispatch'
    /Library/Ruby/Gems/1.8/gems/actionpack-2.0.2/lib/action_controller/dispatcher.rb:126:in `dispatch_cgi'
    /Library/Ruby/Gems/1.8/gems/actionpack-2.0.2/lib/action_controller/dispatcher.rb:9:in `dispatch'
    /Library/Ruby/Gems/1.8/gems/mongrel-1.1.3/bin/../lib/mongrel/rails.rb:76:in `process'
    /Library/Ruby/Gems/1.8/gems/mongrel-1.1.3/bin/../lib/mongrel/rails.rb:74:in `synchronize'
    /Library/Ruby/Gems/1.8/gems/mongrel-1.1.3/bin/../lib/mongrel/rails.rb:74:in `process'
    /Library/Ruby/Gems/1.8/gems/mongrel-1.1.3/bin/../lib/mongrel.rb:159:in `process_client'
    /Library/Ruby/Gems/1.8/gems/mongrel-1.1.3/bin/../lib/mongrel.rb:158:in `each'
    /Library/Ruby/Gems/1.8/gems/mongrel-1.1.3/bin/../lib/mongrel.rb:158:in `process_client'
    /Library/Ruby/Gems/1.8/gems/mongrel-1.1.3/bin/../lib/mongrel.rb:285:in `run'
    /Library/Ruby/Gems/1.8/gems/mongrel-1.1.3/bin/../lib/mongrel.rb:285:in `initialize'
    /Library/Ruby/Gems/1.8/gems/mongrel-1.1.3/bin/../lib/mongrel.rb:285:in `new'
    /Library/Ruby/Gems/1.8/gems/mongrel-1.1.3/bin/../lib/mongrel.rb:285:in `run'
    /Library/Ruby/Gems/1.8/gems/mongrel-1.1.3/bin/../lib/mongrel.rb:268:in `initialize'
    /Library/Ruby/Gems/1.8/gems/mongrel-1.1.3/bin/../lib/mongrel.rb:268:in `new'
    /Library/Ruby/Gems/1.8/gems/mongrel-1.1.3/bin/../lib/mongrel.rb:268:in `run'
    /Library/Ruby/Gems/1.8/gems/mongrel-1.1.3/bin/../lib/mongrel/configurator.rb:282:in `run'
    /Library/Ruby/Gems/1.8/gems/mongrel-1.1.3/bin/../lib/mongrel/configurator.rb:281:in `each'
    /Library/Ruby/Gems/1.8/gems/mongrel-1.1.3/bin/../lib/mongrel/configurator.rb:281:in `run'
    /Library/Ruby/Gems/1.8/gems/mongrel-1.1.3/bin/mongrel_rails:128:in `run'
    /Library/Ruby/Gems/1.8/gems/mongrel-1.1.3/bin/../lib/mongrel/command.rb:212:in `run'
    /Library/Ruby/Gems/1.8/gems/mongrel-1.1.3/bin/mongrel_rails:281

Rendering /Library/Ruby/Gems/1.8/gems/actionpack-2.0.2/lib/action_controller/templates/rescues/layout.erb (internal_server_error)


Processing ApplicationsController#index (for 127.0.0.1 at 2008-02-07 12:34:40) [GET]
  Session ID: 3ccdc45a92d795d242450e6fd2577222
  Parameters: {"action"=>"index", "controller"=>"applications"}


LoadError (Expected /Users/jjg/Sites/nsfreu/app/controllers/application.rb to define Application):
    /Library/Ruby/Gems/1.8/gems/activesupport-2.0.2/lib/active_support/dependencies.rb:249:in `load_missing_constant'
    /Library/Ruby/Gems/1.8/gems/activesupport-2.0.2/lib/active_support/dependencies.rb:453:in `const_missing'
    /Library/Ruby/Gems/1.8/gems/activesupport-2.0.2/lib/active_support/dependencies.rb:465:in `const_missing'
    /Library/Ruby/Gems/1.8/gems/activesupport-2.0.2/lib/active_support/dependencies.rb:260:in `load_missing_constant'
    /Library/Ruby/Gems/1.8/gems/activesupport-2.0.2/lib/active_support/dependencies.rb:469:in `const_missing'
    /app/controllers/applications_controller.rb:5:in `index'
    /Library/Ruby/Gems/1.8/gems/actionpack-2.0.2/lib/action_controller/base.rb:1158:in `send'
    /Library/Ruby/Gems/1.8/gems/actionpack-2.0.2/lib/action_controller/base.rb:1158:in `perform_action_without_filters'
    /Library/Ruby/Gems/1.8/gems/actionpack-2.0.2/lib/action_controller/filters.rb:697:in `call_filters'
    /Library/Ruby/Gems/1.8/gems/actionpack-2.0.2/lib/action_controller/filters.rb:689:in `perform_action_without_benchmark'
    /Library/Ruby/Gems/1.8/gems/actionpack-2.0.2/lib/action_controller/benchmarking.rb:68:in `perform_action_without_rescue'
    /System/Library/Frameworks/Ruby.framework/Versions/1.8/usr/lib/ruby/1.8/benchmark.rb:293:in `measure'
    /Library/Ruby/Gems/1.8/gems/actionpack-2.0.2/lib/action_controller/benchmarking.rb:68:in `perform_action_without_rescue'
    /Library/Ruby/Gems/1.8/gems/actionpack-2.0.2/lib/action_controller/rescue.rb:199:in `perform_action_without_caching'
    /Library/Ruby/Gems/1.8/gems/actionpack-2.0.2/lib/action_controller/caching.rb:678:in `perform_action'
    /Library/Ruby/Gems/1.8/gems/activerecord-2.0.2/lib/active_record/connection_adapters/abstract/query_cache.rb:33:in `cache'
    /Library/Ruby/Gems/1.8/gems/activerecord-2.0.2/lib/active_record/query_cache.rb:8:in `cache'
    /Library/Ruby/Gems/1.8/gems/actionpack-2.0.2/lib/action_controller/caching.rb:677:in `perform_action'
    /Library/Ruby/Gems/1.8/gems/actionpack-2.0.2/lib/action_controller/base.rb:524:in `send'
    /Library/Ruby/Gems/1.8/gems/actionpack-2.0.2/lib/action_controller/base.rb:524:in `process_without_filters'
    /Library/Ruby/Gems/1.8/gems/actionpack-2.0.2/lib/action_controller/filters.rb:685:in `process_without_session_management_support'
    /Library/Ruby/Gems/1.8/gems/actionpack-2.0.2/lib/action_controller/session_management.rb:123:in `process'
    /Library/Ruby/Gems/1.8/gems/actionpack-2.0.2/lib/action_controller/base.rb:388:in `process'
    /Library/Ruby/Gems/1.8/gems/actionpack-2.0.2/lib/action_controller/dispatcher.rb:171:in `handle_request'
    /Library/Ruby/Gems/1.8/gems/actionpack-2.0.2/lib/action_controller/dispatcher.rb:115:in `dispatch'
    /Library/Ruby/Gems/1.8/gems/actionpack-2.0.2/lib/action_controller/dispatcher.rb:126:in `dispatch_cgi'
    /Library/Ruby/Gems/1.8/gems/actionpack-2.0.2/lib/action_controller/dispatcher.rb:9:in `dispatch'
    /Library/Ruby/Gems/1.8/gems/mongrel-1.1.3/bin/../lib/mongrel/rails.rb:76:in `process'
    /Library/Ruby/Gems/1.8/gems/mongrel-1.1.3/bin/../lib/mongrel/rails.rb:74:in `synchronize'
    /Library/Ruby/Gems/1.8/gems/mongrel-1.1.3/bin/../lib/mongrel/rails.rb:74:in `process'
    /Library/Ruby/Gems/1.8/gems/mongrel-1.1.3/bin/../lib/mongrel.rb:159:in `process_client'
    /Library/Ruby/Gems/1.8/gems/mongrel-1.1.3/bin/../lib/mongrel.rb:158:in `each'
    /Library/Ruby/Gems/1.8/gems/mongrel-1.1.3/bin/../lib/mongrel.rb:158:in `process_client'
    /Library/Ruby/Gems/1.8/gems/mongrel-1.1.3/bin/../lib/mongrel.rb:285:in `run'
    /Library/Ruby/Gems/1.8/gems/mongrel-1.1.3/bin/../lib/mongrel.rb:285:in `initialize'
    /Library/Ruby/Gems/1.8/gems/mongrel-1.1.3/bin/../lib/mongrel.rb:285:in `new'
    /Library/Ruby/Gems/1.8/gems/mongrel-1.1.3/bin/../lib/mongrel.rb:285:in `run'
    /Library/Ruby/Gems/1.8/gems/mongrel-1.1.3/bin/../lib/mongrel.rb:268:in `initialize'
    /Library/Ruby/Gems/1.8/gems/mongrel-1.1.3/bin/../lib/mongrel.rb:268:in `new'
    /Library/Ruby/Gems/1.8/gems/mongrel-1.1.3/bin/../lib/mongrel.rb:268:in `run'
    /Library/Ruby/Gems/1.8/gems/mongrel-1.1.3/bin/../lib/mongrel/configurator.rb:282:in `run'
    /Library/Ruby/Gems/1.8/gems/mongrel-1.1.3/bin/../lib/mongrel/configurator.rb:281:in `each'
    /Library/Ruby/Gems/1.8/gems/mongrel-1.1.3/bin/../lib/mongrel/configurator.rb:281:in `run'
    /Library/Ruby/Gems/1.8/gems/mongrel-1.1.3/bin/mongrel_rails:128:in `run'
    /Library/Ruby/Gems/1.8/gems/mongrel-1.1.3/bin/../lib/mongrel/command.rb:212:in `run'
    /Library/Ruby/Gems/1.8/gems/mongrel-1.1.3/bin/mongrel_rails:281

Rendering /Library/Ruby/Gems/1.8/gems/actionpack-2.0.2/lib/action_controller/templates/rescues/layout.erb (internal_server_error)


Processing RecommendationsController#index (for 127.0.0.1 at 2008-02-07 12:34:47) [GET]
  Session ID: 3ccdc45a92d795d242450e6fd2577222
  Parameters: {"action"=>"index", "controller"=>"recommendations"}
  [4;36;1mRecommendation Load (0.000000)[0m   [0;1mMysql::Error: Table 'nsfreu.recommendations' doesn't exist: SELECT * FROM `recommendations` [0m


ActiveRecord::StatementInvalid (Mysql::Error: Table 'nsfreu.recommendations' doesn't exist: SELECT * FROM `recommendations`   ):
    /Library/Ruby/Gems/1.8/gems/activerecord-2.0.2/lib/active_record/connection_adapters/abstract_adapter.rb:150:in `log'
    /Library/Ruby/Gems/1.8/gems/activerecord-2.0.2/lib/active_record/connection_adapters/mysql_adapter.rb:281:in `execute'
    /Library/Ruby/Gems/1.8/gems/activerecord-2.0.2/lib/active_record/connection_adapters/mysql_adapter.rb:481:in `select'
    /Library/Ruby/Gems/1.8/gems/activerecord-2.0.2/lib/active_record/connection_adapters/abstract/database_statements.rb:7:in `select_all_without_query_cache'
    /Library/Ruby/Gems/1.8/gems/activerecord-2.0.2/lib/active_record/connection_adapters/abstract/query_cache.rb:53:in `select_all'
    /Library/Ruby/Gems/1.8/gems/activerecord-2.0.2/lib/active_record/connection_adapters/abstract/query_cache.rb:74:in `cache_sql'
    /Library/Ruby/Gems/1.8/gems/activerecord-2.0.2/lib/active_record/connection_adapters/abstract/query_cache.rb:53:in `select_all'
    /Library/Ruby/Gems/1.8/gems/activerecord-2.0.2/lib/active_record/base.rb:532:in `find_by_sql'
    /Library/Ruby/Gems/1.8/gems/activerecord-2.0.2/lib/active_record/base.rb:1233:in `find_every'
    /Library/Ruby/Gems/1.8/gems/activerecord-2.0.2/lib/active_record/base.rb:503:in `find'
    /app/controllers/recommendations_controller.rb:5:in `index'
    /Library/Ruby/Gems/1.8/gems/actionpack-2.0.2/lib/action_controller/base.rb:1158:in `send'
    /Library/Ruby/Gems/1.8/gems/actionpack-2.0.2/lib/action_controller/base.rb:1158:in `perform_action_without_filters'
    /Library/Ruby/Gems/1.8/gems/actionpack-2.0.2/lib/action_controller/filters.rb:697:in `call_filters'
    /Library/Ruby/Gems/1.8/gems/actionpack-2.0.2/lib/action_controller/filters.rb:689:in `perform_action_without_benchmark'
    /Library/Ruby/Gems/1.8/gems/actionpack-2.0.2/lib/action_controller/benchmarking.rb:68:in `perform_action_without_rescue'
    /System/Library/Frameworks/Ruby.framework/Versions/1.8/usr/lib/ruby/1.8/benchmark.rb:293:in `measure'
    /Library/Ruby/Gems/1.8/gems/actionpack-2.0.2/lib/action_controller/benchmarking.rb:68:in `perform_action_without_rescue'
    /Library/Ruby/Gems/1.8/gems/actionpack-2.0.2/lib/action_controller/rescue.rb:199:in `perform_action_without_caching'
    /Library/Ruby/Gems/1.8/gems/actionpack-2.0.2/lib/action_controller/caching.rb:678:in `perform_action'
    /Library/Ruby/Gems/1.8/gems/activerecord-2.0.2/lib/active_record/connection_adapters/abstract/query_cache.rb:33:in `cache'
    /Library/Ruby/Gems/1.8/gems/activerecord-2.0.2/lib/active_record/query_cache.rb:8:in `cache'
    /Library/Ruby/Gems/1.8/gems/actionpack-2.0.2/lib/action_controller/caching.rb:677:in `perform_action'
    /Library/Ruby/Gems/1.8/gems/actionpack-2.0.2/lib/action_controller/base.rb:524:in `send'
    /Library/Ruby/Gems/1.8/gems/actionpack-2.0.2/lib/action_controller/base.rb:524:in `process_without_filters'
    /Library/Ruby/Gems/1.8/gems/actionpack-2.0.2/lib/action_controller/filters.rb:685:in `process_without_session_management_support'
    /Library/Ruby/Gems/1.8/gems/actionpack-2.0.2/lib/action_controller/session_management.rb:123:in `process'
    /Library/Ruby/Gems/1.8/gems/actionpack-2.0.2/lib/action_controller/base.rb:388:in `process'
    /Library/Ruby/Gems/1.8/gems/actionpack-2.0.2/lib/action_controller/dispatcher.rb:171:in `handle_request'
    /Library/Ruby/Gems/1.8/gems/actionpack-2.0.2/lib/action_controller/dispatcher.rb:115:in `dispatch'
    /Library/Ruby/Gems/1.8/gems/actionpack-2.0.2/lib/action_controller/dispatcher.rb:126:in `dispatch_cgi'
    /Library/Ruby/Gems/1.8/gems/actionpack-2.0.2/lib/action_controller/dispatcher.rb:9:in `dispatch'
    /Library/Ruby/Gems/1.8/gems/mongrel-1.1.3/bin/../lib/mongrel/rails.rb:76:in `process'
    /Library/Ruby/Gems/1.8/gems/mongrel-1.1.3/bin/../lib/mongrel/rails.rb:74:in `synchronize'
    /Library/Ruby/Gems/1.8/gems/mongrel-1.1.3/bin/../lib/mongrel/rails.rb:74:in `process'
    /Library/Ruby/Gems/1.8/gems/mongrel-1.1.3/bin/../lib/mongrel.rb:159:in `process_client'
    /Library/Ruby/Gems/1.8/gems/mongrel-1.1.3/bin/../lib/mongrel.rb:158:in `each'
    /Library/Ruby/Gems/1.8/gems/mongrel-1.1.3/bin/../lib/mongrel.rb:158:in `process_client'
    /Library/Ruby/Gems/1.8/gems/mongrel-1.1.3/bin/../lib/mongrel.rb:285:in `run'
    /Library/Ruby/Gems/1.8/gems/mongrel-1.1.3/bin/../lib/mongrel.rb:285:in `initialize'
    /Library/Ruby/Gems/1.8/gems/mongrel-1.1.3/bin/../lib/mongrel.rb:285:in `new'
    /Library/Ruby/Gems/1.8/gems/mongrel-1.1.3/bin/../lib/mongrel.rb:285:in `run'
    /Library/Ruby/Gems/1.8/gems/mongrel-1.1.3/bin/../lib/mongrel.rb:268:in `initialize'
    /Library/Ruby/Gems/1.8/gems/mongrel-1.1.3/bin/../lib/mongrel.rb:268:in `new'
    /Library/Ruby/Gems/1.8/gems/mongrel-1.1.3/bin/../lib/mongrel.rb:268:in `run'
    /Library/Ruby/Gems/1.8/gems/mongrel-1.1.3/bin/../lib/mongrel/configurator.rb:282:in `run'
    /Library/Ruby/Gems/1.8/gems/mongrel-1.1.3/bin/../lib/mongrel/configurator.rb:281:in `each'
    /Library/Ruby/Gems/1.8/gems/mongrel-1.1.3/bin/../lib/mongrel/configurator.rb:281:in `run'
    /Library/Ruby/Gems/1.8/gems/mongrel-1.1.3/bin/mongrel_rails:128:in `run'
    /Library/Ruby/Gems/1.8/gems/mongrel-1.1.3/bin/../lib/mongrel/command.rb:212:in `run'
    /Library/Ruby/Gems/1.8/gems/mongrel-1.1.3/bin/mongrel_rails:281

Rendering /Library/Ruby/Gems/1.8/gems/actionpack-2.0.2/lib/action_controller/templates/rescues/layout.erb (internal_server_error)


Processing UsersController#index (for 127.0.0.1 at 2008-02-07 12:39:11) [GET]
  Session ID: 3ccdc45a92d795d242450e6fd2577222
  Parameters: {"action"=>"index", "controller"=>"users"}


ActionController::UnknownAction (No action responded to index):
    /Library/Ruby/Gems/1.8/gems/actionpack-2.0.2/lib/action_controller/filters.rb:697:in `call_filters'
    /Library/Ruby/Gems/1.8/gems/actionpack-2.0.2/lib/action_controller/filters.rb:689:in `perform_action_without_benchmark'
    /Library/Ruby/Gems/1.8/gems/actionpack-2.0.2/lib/action_controller/benchmarking.rb:68:in `perform_action_without_rescue'
    /System/Library/Frameworks/Ruby.framework/Versions/1.8/usr/lib/ruby/1.8/benchmark.rb:293:in `measure'
    /Library/Ruby/Gems/1.8/gems/actionpack-2.0.2/lib/action_controller/benchmarking.rb:68:in `perform_action_without_rescue'
    /Library/Ruby/Gems/1.8/gems/actionpack-2.0.2/lib/action_controller/rescue.rb:199:in `perform_action_without_caching'
    /Library/Ruby/Gems/1.8/gems/actionpack-2.0.2/lib/action_controller/caching.rb:678:in `perform_action'
    /Library/Ruby/Gems/1.8/gems/activerecord-2.0.2/lib/active_record/connection_adapters/abstract/query_cache.rb:33:in `cache'
    /Library/Ruby/Gems/1.8/gems/activerecord-2.0.2/lib/active_record/query_cache.rb:8:in `cache'
    /Library/Ruby/Gems/1.8/gems/actionpack-2.0.2/lib/action_controller/caching.rb:677:in `perform_action'
    /Library/Ruby/Gems/1.8/gems/actionpack-2.0.2/lib/action_controller/base.rb:524:in `send'
    /Library/Ruby/Gems/1.8/gems/actionpack-2.0.2/lib/action_controller/base.rb:524:in `process_without_filters'
    /Library/Ruby/Gems/1.8/gems/actionpack-2.0.2/lib/action_controller/filters.rb:685:in `process_without_session_management_support'
    /Library/Ruby/Gems/1.8/gems/actionpack-2.0.2/lib/action_controller/session_management.rb:123:in `process'
    /Library/Ruby/Gems/1.8/gems/actionpack-2.0.2/lib/action_controller/base.rb:388:in `process'
    /Library/Ruby/Gems/1.8/gems/actionpack-2.0.2/lib/action_controller/dispatcher.rb:171:in `handle_request'
    /Library/Ruby/Gems/1.8/gems/actionpack-2.0.2/lib/action_controller/dispatcher.rb:115:in `dispatch'
    /Library/Ruby/Gems/1.8/gems/actionpack-2.0.2/lib/action_controller/dispatcher.rb:126:in `dispatch_cgi'
    /Library/Ruby/Gems/1.8/gems/actionpack-2.0.2/lib/action_controller/dispatcher.rb:9:in `dispatch'
    /Library/Ruby/Gems/1.8/gems/mongrel-1.1.3/bin/../lib/mongrel/rails.rb:76:in `process'
    /Library/Ruby/Gems/1.8/gems/mongrel-1.1.3/bin/../lib/mongrel/rails.rb:74:in `synchronize'
    /Library/Ruby/Gems/1.8/gems/mongrel-1.1.3/bin/../lib/mongrel/rails.rb:74:in `process'
    /Library/Ruby/Gems/1.8/gems/mongrel-1.1.3/bin/../lib/mongrel.rb:159:in `process_client'
    /Library/Ruby/Gems/1.8/gems/mongrel-1.1.3/bin/../lib/mongrel.rb:158:in `each'
    /Library/Ruby/Gems/1.8/gems/mongrel-1.1.3/bin/../lib/mongrel.rb:158:in `process_client'
    /Library/Ruby/Gems/1.8/gems/mongrel-1.1.3/bin/../lib/mongrel.rb:285:in `run'
    /Library/Ruby/Gems/1.8/gems/mongrel-1.1.3/bin/../lib/mongrel.rb:285:in `initialize'
    /Library/Ruby/Gems/1.8/gems/mongrel-1.1.3/bin/../lib/mongrel.rb:285:in `new'
    /Library/Ruby/Gems/1.8/gems/mongrel-1.1.3/bin/../lib/mongrel.rb:285:in `run'
    /Library/Ruby/Gems/1.8/gems/mongrel-1.1.3/bin/../lib/mongrel.rb:268:in `initialize'
    /Library/Ruby/Gems/1.8/gems/mongrel-1.1.3/bin/../lib/mongrel.rb:268:in `new'
    /Library/Ruby/Gems/1.8/gems/mongrel-1.1.3/bin/../lib/mongrel.rb:268:in `run'
    /Library/Ruby/Gems/1.8/gems/mongrel-1.1.3/bin/../lib/mongrel/configurator.rb:282:in `run'
    /Library/Ruby/Gems/1.8/gems/mongrel-1.1.3/bin/../lib/mongrel/configurator.rb:281:in `each'
    /Library/Ruby/Gems/1.8/gems/mongrel-1.1.3/bin/../lib/mongrel/configurator.rb:281:in `run'
    /Library/Ruby/Gems/1.8/gems/mongrel-1.1.3/bin/mongrel_rails:128:in `run'
    /Library/Ruby/Gems/1.8/gems/mongrel-1.1.3/bin/../lib/mongrel/command.rb:212:in `run'
    /Library/Ruby/Gems/1.8/gems/mongrel-1.1.3/bin/mongrel_rails:281

Rendering /Library/Ruby/Gems/1.8/gems/actionpack-2.0.2/lib/action_controller/templates/rescues/layout.erb (not_found)


Processing UsersController#show (for 127.0.0.1 at 2008-02-07 12:39:15) [GET]
  Session ID: 3ccdc45a92d795d242450e6fd2577222
  Parameters: {"action"=>"show", "id"=>"1", "controller"=>"users"}


ActionController::UnknownAction (No action responded to show):
    /Library/Ruby/Gems/1.8/gems/actionpack-2.0.2/lib/action_controller/filters.rb:697:in `call_filters'
    /Library/Ruby/Gems/1.8/gems/actionpack-2.0.2/lib/action_controller/filters.rb:689:in `perform_action_without_benchmark'
    /Library/Ruby/Gems/1.8/gems/actionpack-2.0.2/lib/action_controller/benchmarking.rb:68:in `perform_action_without_rescue'
    /System/Library/Frameworks/Ruby.framework/Versions/1.8/usr/lib/ruby/1.8/benchmark.rb:293:in `measure'
    /Library/Ruby/Gems/1.8/gems/actionpack-2.0.2/lib/action_controller/benchmarking.rb:68:in `perform_action_without_rescue'
    /Library/Ruby/Gems/1.8/gems/actionpack-2.0.2/lib/action_controller/rescue.rb:199:in `perform_action_without_caching'
    /Library/Ruby/Gems/1.8/gems/actionpack-2.0.2/lib/action_controller/caching.rb:678:in `perform_action'
    /Library/Ruby/Gems/1.8/gems/activerecord-2.0.2/lib/active_record/connection_adapters/abstract/query_cache.rb:33:in `cache'
    /Library/Ruby/Gems/1.8/gems/activerecord-2.0.2/lib/active_record/query_cache.rb:8:in `cache'
    /Library/Ruby/Gems/1.8/gems/actionpack-2.0.2/lib/action_controller/caching.rb:677:in `perform_action'
    /Library/Ruby/Gems/1.8/gems/actionpack-2.0.2/lib/action_controller/base.rb:524:in `send'
    /Library/Ruby/Gems/1.8/gems/actionpack-2.0.2/lib/action_controller/base.rb:524:in `process_without_filters'
    /Library/Ruby/Gems/1.8/gems/actionpack-2.0.2/lib/action_controller/filters.rb:685:in `process_without_session_management_support'
    /Library/Ruby/Gems/1.8/gems/actionpack-2.0.2/lib/action_controller/session_management.rb:123:in `process'
    /Library/Ruby/Gems/1.8/gems/actionpack-2.0.2/lib/action_controller/base.rb:388:in `process'
    /Library/Ruby/Gems/1.8/gems/actionpack-2.0.2/lib/action_controller/dispatcher.rb:171:in `handle_request'
    /Library/Ruby/Gems/1.8/gems/actionpack-2.0.2/lib/action_controller/dispatcher.rb:115:in `dispatch'
    /Library/Ruby/Gems/1.8/gems/actionpack-2.0.2/lib/action_controller/dispatcher.rb:126:in `dispatch_cgi'
    /Library/Ruby/Gems/1.8/gems/actionpack-2.0.2/lib/action_controller/dispatcher.rb:9:in `dispatch'
    /Library/Ruby/Gems/1.8/gems/mongrel-1.1.3/bin/../lib/mongrel/rails.rb:76:in `process'
    /Library/Ruby/Gems/1.8/gems/mongrel-1.1.3/bin/../lib/mongrel/rails.rb:74:in `synchronize'
    /Library/Ruby/Gems/1.8/gems/mongrel-1.1.3/bin/../lib/mongrel/rails.rb:74:in `process'
    /Library/Ruby/Gems/1.8/gems/mongrel-1.1.3/bin/../lib/mongrel.rb:159:in `process_client'
    /Library/Ruby/Gems/1.8/gems/mongrel-1.1.3/bin/../lib/mongrel.rb:158:in `each'
    /Library/Ruby/Gems/1.8/gems/mongrel-1.1.3/bin/../lib/mongrel.rb:158:in `process_client'
    /Library/Ruby/Gems/1.8/gems/mongrel-1.1.3/bin/../lib/mongrel.rb:285:in `run'
    /Library/Ruby/Gems/1.8/gems/mongrel-1.1.3/bin/../lib/mongrel.rb:285:in `initialize'
    /Library/Ruby/Gems/1.8/gems/mongrel-1.1.3/bin/../lib/mongrel.rb:285:in `new'
    /Library/Ruby/Gems/1.8/gems/mongrel-1.1.3/bin/../lib/mongrel.rb:285:in `run'
    /Library/Ruby/Gems/1.8/gems/mongrel-1.1.3/bin/../lib/mongrel.rb:268:in `initialize'
    /Library/Ruby/Gems/1.8/gems/mongrel-1.1.3/bin/../lib/mongrel.rb:268:in `new'
    /Library/Ruby/Gems/1.8/gems/mongrel-1.1.3/bin/../lib/mongrel.rb:268:in `run'
    /Library/Ruby/Gems/1.8/gems/mongrel-1.1.3/bin/../lib/mongrel/configurator.rb:282:in `run'
    /Library/Ruby/Gems/1.8/gems/mongrel-1.1.3/bin/../lib/mongrel/configurator.rb:281:in `each'
    /Library/Ruby/Gems/1.8/gems/mongrel-1.1.3/bin/../lib/mongrel/configurator.rb:281:in `run'
    /Library/Ruby/Gems/1.8/gems/mongrel-1.1.3/bin/mongrel_rails:128:in `run'
    /Library/Ruby/Gems/1.8/gems/mongrel-1.1.3/bin/../lib/mongrel/command.rb:212:in `run'
    /Library/Ruby/Gems/1.8/gems/mongrel-1.1.3/bin/mongrel_rails:281

Rendering /Library/Ruby/Gems/1.8/gems/actionpack-2.0.2/lib/action_controller/templates/rescues/layout.erb (not_found)


Processing UsersController#index (for 127.0.0.1 at 2008-02-07 12:39:17) [GET]
  Session ID: 3ccdc45a92d795d242450e6fd2577222
  Parameters: {"action"=>"index", "controller"=>"users"}


ActionController::UnknownAction (No action responded to index):
    /Library/Ruby/Gems/1.8/gems/actionpack-2.0.2/lib/action_controller/filters.rb:697:in `call_filters'
    /Library/Ruby/Gems/1.8/gems/actionpack-2.0.2/lib/action_controller/filters.rb:689:in `perform_action_without_benchmark'
    /Library/Ruby/Gems/1.8/gems/actionpack-2.0.2/lib/action_controller/benchmarking.rb:68:in `perform_action_without_rescue'
    /System/Library/Frameworks/Ruby.framework/Versions/1.8/usr/lib/ruby/1.8/benchmark.rb:293:in `measure'
    /Library/Ruby/Gems/1.8/gems/actionpack-2.0.2/lib/action_controller/benchmarking.rb:68:in `perform_action_without_rescue'
    /Library/Ruby/Gems/1.8/gems/actionpack-2.0.2/lib/action_controller/rescue.rb:199:in `perform_action_without_caching'
    /Library/Ruby/Gems/1.8/gems/actionpack-2.0.2/lib/action_controller/caching.rb:678:in `perform_action'
    /Library/Ruby/Gems/1.8/gems/activerecord-2.0.2/lib/active_record/connection_adapters/abstract/query_cache.rb:33:in `cache'
    /Library/Ruby/Gems/1.8/gems/activerecord-2.0.2/lib/active_record/query_cache.rb:8:in `cache'
    /Library/Ruby/Gems/1.8/gems/actionpack-2.0.2/lib/action_controller/caching.rb:677:in `perform_action'
    /Library/Ruby/Gems/1.8/gems/actionpack-2.0.2/lib/action_controller/base.rb:524:in `send'
    /Library/Ruby/Gems/1.8/gems/actionpack-2.0.2/lib/action_controller/base.rb:524:in `process_without_filters'
    /Library/Ruby/Gems/1.8/gems/actionpack-2.0.2/lib/action_controller/filters.rb:685:in `process_without_session_management_support'
    /Library/Ruby/Gems/1.8/gems/actionpack-2.0.2/lib/action_controller/session_management.rb:123:in `process'
    /Library/Ruby/Gems/1.8/gems/actionpack-2.0.2/lib/action_controller/base.rb:388:in `process'
    /Library/Ruby/Gems/1.8/gems/actionpack-2.0.2/lib/action_controller/dispatcher.rb:171:in `handle_request'
    /Library/Ruby/Gems/1.8/gems/actionpack-2.0.2/lib/action_controller/dispatcher.rb:115:in `dispatch'
    /Library/Ruby/Gems/1.8/gems/actionpack-2.0.2/lib/action_controller/dispatcher.rb:126:in `dispatch_cgi'
    /Library/Ruby/Gems/1.8/gems/actionpack-2.0.2/lib/action_controller/dispatcher.rb:9:in `dispatch'
    /Library/Ruby/Gems/1.8/gems/mongrel-1.1.3/bin/../lib/mongrel/rails.rb:76:in `process'
    /Library/Ruby/Gems/1.8/gems/mongrel-1.1.3/bin/../lib/mongrel/rails.rb:74:in `synchronize'
    /Library/Ruby/Gems/1.8/gems/mongrel-1.1.3/bin/../lib/mongrel/rails.rb:74:in `process'
    /Library/Ruby/Gems/1.8/gems/mongrel-1.1.3/bin/../lib/mongrel.rb:159:in `process_client'
    /Library/Ruby/Gems/1.8/gems/mongrel-1.1.3/bin/../lib/mongrel.rb:158:in `each'
    /Library/Ruby/Gems/1.8/gems/mongrel-1.1.3/bin/../lib/mongrel.rb:158:in `process_client'
    /Library/Ruby/Gems/1.8/gems/mongrel-1.1.3/bin/../lib/mongrel.rb:285:in `run'
    /Library/Ruby/Gems/1.8/gems/mongrel-1.1.3/bin/../lib/mongrel.rb:285:in `initialize'
    /Library/Ruby/Gems/1.8/gems/mongrel-1.1.3/bin/../lib/mongrel.rb:285:in `new'
    /Library/Ruby/Gems/1.8/gems/mongrel-1.1.3/bin/../lib/mongrel.rb:285:in `run'
    /Library/Ruby/Gems/1.8/gems/mongrel-1.1.3/bin/../lib/mongrel.rb:268:in `initialize'
    /Library/Ruby/Gems/1.8/gems/mongrel-1.1.3/bin/../lib/mongrel.rb:268:in `new'
    /Library/Ruby/Gems/1.8/gems/mongrel-1.1.3/bin/../lib/mongrel.rb:268:in `run'
    /Library/Ruby/Gems/1.8/gems/mongrel-1.1.3/bin/../lib/mongrel/configurator.rb:282:in `run'
    /Library/Ruby/Gems/1.8/gems/mongrel-1.1.3/bin/../lib/mongrel/configurator.rb:281:in `each'
    /Library/Ruby/Gems/1.8/gems/mongrel-1.1.3/bin/../lib/mongrel/configurator.rb:281:in `run'
    /Library/Ruby/Gems/1.8/gems/mongrel-1.1.3/bin/mongrel_rails:128:in `run'
    /Library/Ruby/Gems/1.8/gems/mongrel-1.1.3/bin/../lib/mongrel/command.rb:212:in `run'
    /Library/Ruby/Gems/1.8/gems/mongrel-1.1.3/bin/mongrel_rails:281

Rendering /Library/Ruby/Gems/1.8/gems/actionpack-2.0.2/lib/action_controller/templates/rescues/layout.erb (not_found)


Processing UsersController#show (for 127.0.0.1 at 2008-02-07 12:39:21) [GET]
  Session ID: 3ccdc45a92d795d242450e6fd2577222
  Parameters: {"action"=>"show", "id"=>"login", "controller"=>"users"}


ActionController::UnknownAction (No action responded to show):
    /Library/Ruby/Gems/1.8/gems/actionpack-2.0.2/lib/action_controller/filters.rb:697:in `call_filters'
    /Library/Ruby/Gems/1.8/gems/actionpack-2.0.2/lib/action_controller/filters.rb:689:in `perform_action_without_benchmark'
    /Library/Ruby/Gems/1.8/gems/actionpack-2.0.2/lib/action_controller/benchmarking.rb:68:in `perform_action_without_rescue'
    /System/Library/Frameworks/Ruby.framework/Versions/1.8/usr/lib/ruby/1.8/benchmark.rb:293:in `measure'
    /Library/Ruby/Gems/1.8/gems/actionpack-2.0.2/lib/action_controller/benchmarking.rb:68:in `perform_action_without_rescue'
    /Library/Ruby/Gems/1.8/gems/actionpack-2.0.2/lib/action_controller/rescue.rb:199:in `perform_action_without_caching'
    /Library/Ruby/Gems/1.8/gems/actionpack-2.0.2/lib/action_controller/caching.rb:678:in `perform_action'
    /Library/Ruby/Gems/1.8/gems/activerecord-2.0.2/lib/active_record/connection_adapters/abstract/query_cache.rb:33:in `cache'
    /Library/Ruby/Gems/1.8/gems/activerecord-2.0.2/lib/active_record/query_cache.rb:8:in `cache'
    /Library/Ruby/Gems/1.8/gems/actionpack-2.0.2/lib/action_controller/caching.rb:677:in `perform_action'
    /Library/Ruby/Gems/1.8/gems/actionpack-2.0.2/lib/action_controller/base.rb:524:in `send'
    /Library/Ruby/Gems/1.8/gems/actionpack-2.0.2/lib/action_controller/base.rb:524:in `process_without_filters'
    /Library/Ruby/Gems/1.8/gems/actionpack-2.0.2/lib/action_controller/filters.rb:685:in `process_without_session_management_support'
    /Library/Ruby/Gems/1.8/gems/actionpack-2.0.2/lib/action_controller/session_management.rb:123:in `process'
    /Library/Ruby/Gems/1.8/gems/actionpack-2.0.2/lib/action_controller/base.rb:388:in `process'
    /Library/Ruby/Gems/1.8/gems/actionpack-2.0.2/lib/action_controller/dispatcher.rb:171:in `handle_request'
    /Library/Ruby/Gems/1.8/gems/actionpack-2.0.2/lib/action_controller/dispatcher.rb:115:in `dispatch'
    /Library/Ruby/Gems/1.8/gems/actionpack-2.0.2/lib/action_controller/dispatcher.rb:126:in `dispatch_cgi'
    /Library/Ruby/Gems/1.8/gems/actionpack-2.0.2/lib/action_controller/dispatcher.rb:9:in `dispatch'
    /Library/Ruby/Gems/1.8/gems/mongrel-1.1.3/bin/../lib/mongrel/rails.rb:76:in `process'
    /Library/Ruby/Gems/1.8/gems/mongrel-1.1.3/bin/../lib/mongrel/rails.rb:74:in `synchronize'
    /Library/Ruby/Gems/1.8/gems/mongrel-1.1.3/bin/../lib/mongrel/rails.rb:74:in `process'
    /Library/Ruby/Gems/1.8/gems/mongrel-1.1.3/bin/../lib/mongrel.rb:159:in `process_client'
    /Library/Ruby/Gems/1.8/gems/mongrel-1.1.3/bin/../lib/mongrel.rb:158:in `each'
    /Library/Ruby/Gems/1.8/gems/mongrel-1.1.3/bin/../lib/mongrel.rb:158:in `process_client'
    /Library/Ruby/Gems/1.8/gems/mongrel-1.1.3/bin/../lib/mongrel.rb:285:in `run'
    /Library/Ruby/Gems/1.8/gems/mongrel-1.1.3/bin/../lib/mongrel.rb:285:in `initialize'
    /Library/Ruby/Gems/1.8/gems/mongrel-1.1.3/bin/../lib/mongrel.rb:285:in `new'
    /Library/Ruby/Gems/1.8/gems/mongrel-1.1.3/bin/../lib/mongrel.rb:285:in `run'
    /Library/Ruby/Gems/1.8/gems/mongrel-1.1.3/bin/../lib/mongrel.rb:268:in `initialize'
    /Library/Ruby/Gems/1.8/gems/mongrel-1.1.3/bin/../lib/mongrel.rb:268:in `new'
    /Library/Ruby/Gems/1.8/gems/mongrel-1.1.3/bin/../lib/mongrel.rb:268:in `run'
    /Library/Ruby/Gems/1.8/gems/mongrel-1.1.3/bin/../lib/mongrel/configurator.rb:282:in `run'
    /Library/Ruby/Gems/1.8/gems/mongrel-1.1.3/bin/../lib/mongrel/configurator.rb:281:in `each'
    /Library/Ruby/Gems/1.8/gems/mongrel-1.1.3/bin/../lib/mongrel/configurator.rb:281:in `run'
    /Library/Ruby/Gems/1.8/gems/mongrel-1.1.3/bin/mongrel_rails:128:in `run'
    /Library/Ruby/Gems/1.8/gems/mongrel-1.1.3/bin/../lib/mongrel/command.rb:212:in `run'
    /Library/Ruby/Gems/1.8/gems/mongrel-1.1.3/bin/mongrel_rails:281

Rendering /Library/Ruby/Gems/1.8/gems/actionpack-2.0.2/lib/action_controller/templates/rescues/layout.erb (not_found)


Processing InfoController#properties (for 127.0.0.1 at 2008-02-07 12:42:26) [GET]
  Session ID: 3ccdc45a92d795d242450e6fd2577222
  Parameters: {"action"=>"properties", "controller"=>"rails/info"}
  [4;35;1mSQL (0.000641)[0m   [0mSELECT version FROM schema_info[0m
Completed in 0.13476 (7 reqs/sec) | Rendering: 0.00133 (0%) | DB: 0.00064 (0%) | 200 OK [http://localhost/rails/info/properties]
  [4;36;1mSQL (0.000402)[0m   [0;1mSET SQL_AUTO_IS_NULL=0[0m
  [4;35;1mSQL (0.000000)[0m   [0mMysql::Error: Table 'schema_info' already exists: CREATE TABLE `schema_info` (version int(11))[0m
  [4;36;1mSQL (0.000000)[0m   [0;1mMysql::Error: Table 'schema_info' already exists: CREATE TABLE `schema_info` (version int(11))[0m
  [4;35;1mSQL (0.000377)[0m   [0mSELECT version FROM schema_info[0m
  [4;36;1mSQL (0.000998)[0m   [0;1mSELECT version FROM schema_info[0m
  [4;35;1mSQL (0.000420)[0m   [0mSELECT version FROM schema_info[0m
Migrating to CreateRecommendations (3)
  [4;36;1mSQL (0.047398)[0m   [0;1mCREATE TABLE `recommendations` (`id` int(11) DEFAULT NULL auto_increment PRIMARY KEY, `student_id` int(11) DEFAULT NULL, `known_student` varchar(255) DEFAULT NULL, `know_capacity` varchar(255) DEFAULT NULL, `rating` varchar(255) DEFAULT NULL, `gpa` decimal DEFAULT NULL, `gpa_total` decimal DEFAULT NULL, `undergrad_inst` tinyint(1) DEFAULT NULL, `faculty_comment` text DEFAULT NULL, `created_at` datetime DEFAULT NULL, `updated_at` datetime DEFAULT NULL) ENGINE=InnoDB[0m
  [4;35;1mSQL (0.000399)[0m   [0mUPDATE schema_info SET version = 3[0m
  [4;36;1mSQL (0.000342)[0m   [0;1mSELECT version FROM schema_info[0m
Migrating to CreateStudents (4)
  [4;35;1mSQL (0.003727)[0m   [0mCREATE TABLE `students` (`id` int(11) DEFAULT NULL auto_increment PRIMARY KEY, `firstname` varchar(255) DEFAULT NULL, `middlename` varchar(255) DEFAULT NULL, `lastname` varchar(255) DEFAULT NULL, `street` varchar(255) DEFAULT NULL, `city` varchar(255) DEFAULT NULL, `state` varchar(255) DEFAULT NULL, `zip` int(9) DEFAULT NULL, `phone` int(10) DEFAULT NULL, `pstreet` varchar(255) DEFAULT NULL, `pcity` varchar(255) DEFAULT NULL, `pstate` varchar(255) DEFAULT NULL, `pzip` int(9) DEFAULT NULL, `pphone` int(10) DEFAULT NULL, `email` varchar(255) DEFAULT NULL, `citezenship` varchar(255) DEFAULT NULL, `gender` varchar(255) DEFAULT NULL, `race` varchar(255) DEFAULT NULL, `disability` varchar(255) DEFAULT NULL, `college` varchar(255) DEFAULT NULL, `cstart` datetime DEFAULT NULL, `cend` datetime DEFAULT NULL, `clevel` varchar(255) DEFAULT NULL, `major` varchar(255) DEFAULT NULL, `gpa` decimal DEFAULT NULL, `gpa_total` decimal DEFAULT NULL, `prev_college` varchar(255) DEFAULT NULL, `pc_start` datetime DEFAULT NULL, `pc_end` datetime DEFAULT NULL, `recommender_id` int(11) DEFAULT NULL, `awards` text DEFAULT NULL, `research_experience` text DEFAULT NULL, `comments` text DEFAULT NULL, `learn` text DEFAULT NULL, `personal_statement` text DEFAULT NULL, `created_at` datetime DEFAULT NULL, `updated_at` datetime DEFAULT NULL) ENGINE=InnoDB[0m
  [4;36;1mSQL (0.000272)[0m   [0;1mUPDATE schema_info SET version = 4[0m
  [4;35;1mSQL (0.000158)[0m   [0mSELECT version FROM schema_info[0m
Migrating to CreateRecommenders (5)
  [4;36;1mSQL (0.035110)[0m   [0;1mCREATE TABLE `recommenders` (`id` int(11) DEFAULT NULL auto_increment PRIMARY KEY, `firstname` varchar(255) DEFAULT NULL, `middlename` varchar(255) DEFAULT NULL, `lastname` varchar(255) DEFAULT NULL, `title` varchar(255) DEFAULT NULL, `department` varchar(255) DEFAULT NULL, `univeristy` varchar(255) DEFAULT NULL, `phone` int(10) DEFAULT NULL, `email` varchar(255) DEFAULT NULL, `created_at` datetime DEFAULT NULL, `updated_at` datetime DEFAULT NULL) ENGINE=InnoDB[0m
  [4;35;1mSQL (0.001073)[0m   [0mUPDATE schema_info SET version = 5[0m
  [4;36;1mSQL (0.000508)[0m   [0;1mSELECT * FROM schema_info[0m
  [4;35;1mSQL (0.000562)[0m   [0mSHOW TABLES[0m
  [4;36;1mSQL (0.002060)[0m   [0;1mSHOW FIELDS FROM `recommendations`[0m
  [4;35;1mSQL (0.002987)[0m   [0mdescribe `recommendations`[0m
  [4;36;1mSQL (0.001096)[0m   [0;1mSHOW KEYS FROM `recommendations`[0m
  [4;35;1mSQL (0.001662)[0m   [0mSHOW FIELDS FROM `recommenders`[0m
  [4;36;1mSQL (0.002466)[0m   [0;1mdescribe `recommenders`[0m
  [4;35;1mSQL (0.000400)[0m   [0mSHOW KEYS FROM `recommenders`[0m
  [4;36;1mSQL (0.001375)[0m   [0;1mSHOW FIELDS FROM `sessions`[0m
  [4;35;1mSQL (0.001895)[0m   [0mdescribe `sessions`[0m
  [4;36;1mSQL (0.000589)[0m   [0;1mSHOW KEYS FROM `sessions`[0m
  [4;35;1mSQL (0.004058)[0m   [0mSHOW FIELDS FROM `students`[0m
  [4;36;1mSQL (0.007290)[0m   [0;1mdescribe `students`[0m
  [4;35;1mSQL (0.008757)[0m   [0mSHOW KEYS FROM `students`[0m
  [4;36;1mSQL (0.001622)[0m   [0;1mSHOW FIELDS FROM `users`[0m
  [4;35;1mSQL (0.002624)[0m   [0mdescribe `users`[0m
  [4;36;1mSQL (0.000581)[0m   [0;1mSHOW KEYS FROM `users`[0m
  [4;36;1mSQL (0.000898)[0m   [0;1mSET SQL_AUTO_IS_NULL=0[0m
  [4;35;1mSQL (0.000000)[0m   [0mMysql::Error: Table 'schema_info' already exists: CREATE TABLE `schema_info` (version int(11))[0m
  [4;36;1mSQL (0.000000)[0m   [0;1mMysql::Error: Table 'schema_info' already exists: CREATE TABLE `schema_info` (version int(11))[0m
  [4;35;1mSQL (0.000446)[0m   [0mSELECT version FROM schema_info[0m
  [4;36;1mSQL (0.000422)[0m   [0;1mSELECT version FROM schema_info[0m
  [4;35;1mSQL (0.000126)[0m   [0mSELECT version FROM schema_info[0m
  [4;36;1mSQL (0.000228)[0m   [0;1mSELECT version FROM schema_info[0m
  [4;35;1mSQL (0.000121)[0m   [0mSELECT version FROM schema_info[0m
  [4;36;1mSQL (0.000176)[0m   [0;1mSELECT * FROM schema_info[0m
  [4;35;1mSQL (0.000363)[0m   [0mSHOW TABLES[0m
  [4;36;1mSQL (0.011545)[0m   [0;1mSHOW FIELDS FROM `recommendations`[0m
  [4;35;1mSQL (0.003013)[0m   [0mdescribe `recommendations`[0m
  [4;36;1mSQL (0.000595)[0m   [0;1mSHOW KEYS FROM `recommendations`[0m
  [4;35;1mSQL (0.002181)[0m   [0mSHOW FIELDS FROM `recommenders`[0m
  [4;36;1mSQL (0.002948)[0m   [0;1mdescribe `recommenders`[0m
  [4;35;1mSQL (0.000588)[0m   [0mSHOW KEYS FROM `recommenders`[0m
  [4;36;1mSQL (0.002053)[0m   [0;1mSHOW FIELDS FROM `sessions`[0m
  [4;35;1mSQL (0.002603)[0m   [0mdescribe `sessions`[0m
  [4;36;1mSQL (0.001358)[0m   [0;1mSHOW KEYS FROM `sessions`[0m
  [4;35;1mSQL (0.003603)[0m   [0mSHOW FIELDS FROM `students`[0m
  [4;36;1mSQL (0.004093)[0m   [0;1mdescribe `students`[0m
  [4;35;1mSQL (0.000492)[0m   [0mSHOW KEYS FROM `students`[0m
  [4;36;1mSQL (0.002450)[0m   [0;1mSHOW FIELDS FROM `users`[0m
  [4;35;1mSQL (0.002445)[0m   [0mdescribe `users`[0m
  [4;36;1mSQL (0.002654)[0m   [0;1mSHOW KEYS FROM `users`[0m
  [4;36;1mSQL (0.000423)[0m   [0;1mSET SQL_AUTO_IS_NULL=0[0m
  [4;35;1mSQL (0.000000)[0m   [0mMysql::Error: Table 'schema_info' already exists: CREATE TABLE `schema_info` (version int(11))[0m
  [4;36;1mSQL (0.000000)[0m   [0;1mMysql::Error: Table 'schema_info' already exists: CREATE TABLE `schema_info` (version int(11))[0m
  [4;35;1mSQL (0.000491)[0m   [0mSELECT version FROM schema_info[0m
  [4;36;1mSQL (0.000420)[0m   [0;1mSELECT version FROM schema_info[0m
  [4;35;1mSQL (0.000134)[0m   [0mSELECT version FROM schema_info[0m
  [4;36;1mSQL (0.000363)[0m   [0;1mSELECT version FROM schema_info[0m
  [4;35;1mSQL (0.000116)[0m   [0mSELECT version FROM schema_info[0m
  [4;36;1mSQL (0.000171)[0m   [0;1mSELECT * FROM schema_info[0m
  [4;35;1mSQL (0.000753)[0m   [0mSHOW TABLES[0m
  [4;36;1mSQL (0.011262)[0m   [0;1mSHOW FIELDS FROM `recommendations`[0m
  [4;35;1mSQL (0.001733)[0m   [0mdescribe `recommendations`[0m
  [4;36;1mSQL (0.002126)[0m   [0;1mSHOW KEYS FROM `recommendations`[0m
  [4;35;1mSQL (0.002023)[0m   [0mSHOW FIELDS FROM `recommenders`[0m
  [4;36;1mSQL (0.006491)[0m   [0;1mdescribe `recommenders`[0m
  [4;35;1mSQL (0.000456)[0m   [0mSHOW KEYS FROM `recommenders`[0m
  [4;36;1mSQL (0.002201)[0m   [0;1mSHOW FIELDS FROM `sessions`[0m
  [4;35;1mSQL (0.002863)[0m   [0mdescribe `sessions`[0m
  [4;36;1mSQL (0.001044)[0m   [0;1mSHOW KEYS FROM `sessions`[0m
  [4;35;1mSQL (0.002996)[0m   [0mSHOW FIELDS FROM `students`[0m
  [4;36;1mSQL (0.003895)[0m   [0;1mdescribe `students`[0m
  [4;35;1mSQL (0.002359)[0m   [0mSHOW KEYS FROM `students`[0m
  [4;36;1mSQL (0.002335)[0m   [0;1mSHOW FIELDS FROM `users`[0m
  [4;35;1mSQL (0.002564)[0m   [0mdescribe `users`[0m
  [4;36;1mSQL (0.000432)[0m   [0;1mSHOW KEYS FROM `users`[0m
  [4;36;1mSQL (0.000284)[0m   [0;1mSET SQL_AUTO_IS_NULL=0[0m
  [4;35;1mSQL (0.000000)[0m   [0mMysql::Error: Table 'schema_info' already exists: CREATE TABLE `schema_info` (version int(11))[0m
  [4;36;1mSQL (0.000000)[0m   [0;1mMysql::Error: Table 'schema_info' already exists: CREATE TABLE `schema_info` (version int(11))[0m
  [4;35;1mSQL (0.000359)[0m   [0mSELECT version FROM schema_info[0m
  [4;36;1mSQL (0.000360)[0m   [0;1mSELECT version FROM schema_info[0m
  [4;35;1mSQL (0.000293)[0m   [0mSELECT version FROM schema_info[0m
  [4;36;1mSQL (0.000325)[0m   [0;1mSELECT version FROM schema_info[0m
  [4;35;1mSQL (0.000278)[0m   [0mSELECT version FROM schema_info[0m
  [4;36;1mSQL (0.000197)[0m   [0;1mSELECT * FROM schema_info[0m
  [4;35;1mSQL (0.000521)[0m   [0mSHOW TABLES[0m
  [4;36;1mSQL (0.011243)[0m   [0;1mSHOW FIELDS FROM `recommendations`[0m
  [4;35;1mSQL (0.001574)[0m   [0mdescribe `recommendations`[0m
  [4;36;1mSQL (0.000357)[0m   [0;1mSHOW KEYS FROM `recommendations`[0m
  [4;35;1mSQL (0.001971)[0m   [0mSHOW FIELDS FROM `recommenders`[0m
  [4;36;1mSQL (0.002505)[0m   [0;1mdescribe `recommenders`[0m
  [4;35;1mSQL (0.000469)[0m   [0mSHOW KEYS FROM `recommenders`[0m
  [4;36;1mSQL (0.001664)[0m   [0;1mSHOW FIELDS FROM `sessions`[0m
  [4;35;1mSQL (0.001408)[0m   [0mdescribe `sessions`[0m
  [4;36;1mSQL (0.000493)[0m   [0;1mSHOW KEYS FROM `sessions`[0m
  [4;35;1mSQL (0.003174)[0m   [0mSHOW FIELDS FROM `students`[0m
  [4;36;1mSQL (0.004241)[0m   [0;1mdescribe `students`[0m
  [4;35;1mSQL (0.000381)[0m   [0mSHOW KEYS FROM `students`[0m
  [4;36;1mSQL (0.001771)[0m   [0;1mSHOW FIELDS FROM `users`[0m
  [4;35;1mSQL (0.002347)[0m   [0mdescribe `users`[0m
  [4;36;1mSQL (0.000611)[0m   [0;1mSHOW KEYS FROM `users`[0m
  [4;36;1mSQL (0.000403)[0m   [0;1mSET SQL_AUTO_IS_NULL=0[0m
  [4;35;1mSQL (0.000000)[0m   [0mMysql::Error: Table 'schema_info' already exists: CREATE TABLE `schema_info` (version int(11))[0m
  [4;36;1mSQL (0.000682)[0m   [0;1mSELECT version FROM schema_info[0m
  [4;35;1mSQL (0.000585)[0m   [0mSELECT version FROM schema_info[0m
  [4;36;1mSQL (0.000629)[0m   [0;1mSELECT version FROM schema_info[0m
  [4;35;1mSQL (0.000235)[0m   [0mSELECT version FROM schema_info[0m
  [4;36;1mSQL (0.000480)[0m   [0;1mSELECT version FROM schema_info[0m
  [4;35;1mSQL (0.000186)[0m   [0mSELECT * FROM schema_info[0m
  [4;36;1mSQL (0.000636)[0m   [0;1mSHOW TABLES[0m
  [4;35;1mSQL (0.011292)[0m   [0mSHOW FIELDS FROM `recommendations`[0m
  [4;36;1mSQL (0.002070)[0m   [0;1mdescribe `recommendations`[0m
  [4;35;1mSQL (0.002118)[0m   [0mSHOW KEYS FROM `recommendations`[0m
  [4;36;1mSQL (0.002610)[0m   [0;1mSHOW FIELDS FROM `recommenders`[0m
  [4;35;1mSQL (0.003181)[0m   [0mdescribe `recommenders`[0m
  [4;36;1mSQL (0.000714)[0m   [0;1mSHOW KEYS FROM `recommenders`[0m
  [4;35;1mSQL (0.001636)[0m   [0mSHOW FIELDS FROM `sessions`[0m
  [4;36;1mSQL (0.001907)[0m   [0;1mdescribe `sessions`[0m
  [4;35;1mSQL (0.000577)[0m   [0mSHOW KEYS FROM `sessions`[0m
  [4;36;1mSQL (0.003192)[0m   [0;1mSHOW FIELDS FROM `students`[0m
  [4;35;1mSQL (0.002868)[0m   [0mdescribe `students`[0m
  [4;36;1mSQL (0.000418)[0m   [0;1mSHOW KEYS FROM `students`[0m
  [4;35;1mSQL (0.001945)[0m   [0mSHOW FIELDS FROM `users`[0m
  [4;36;1mSQL (0.001732)[0m   [0;1mdescribe `users`[0m
  [4;35;1mSQL (0.000355)[0m   [0mSHOW KEYS FROM `users`[0m
  [4;36;1mSQL (0.000283)[0m   [0;1mselect sqlite_version(*)[0m
  [4;35;1mSQL (0.000000)[0m   [0mSQLite3::SQLException: no such table: recommendations: DROP TABLE recommendations[0m
  [4;36;1mSQL (0.001894)[0m   [0;1mCREATE TABLE recommendations ("id" INTEGER PRIMARY KEY AUTOINCREMENT NOT NULL, "student_id" integer DEFAULT NULL, "known_student" varchar(255) DEFAULT NULL, "know_capacity" varchar(255) DEFAULT NULL, "rating" varchar(255) DEFAULT NULL, "gpa" integer(10) DEFAULT NULL, "gpa_total" integer(10) DEFAULT NULL, "undergrad_inst" boolean DEFAULT NULL, "faculty_comment" text DEFAULT NULL, "created_at" datetime DEFAULT NULL, "updated_at" datetime DEFAULT NULL) [0m
  [4;35;1mSQL (0.000000)[0m   [0mSQLite3::SQLException: no such table: recommenders: DROP TABLE recommenders[0m
  [4;36;1mSQL (0.001986)[0m   [0;1mCREATE TABLE recommenders ("id" INTEGER PRIMARY KEY AUTOINCREMENT NOT NULL, "firstname" varchar(255) DEFAULT NULL, "middlename" varchar(255) DEFAULT NULL, "lastname" varchar(255) DEFAULT NULL, "title" varchar(255) DEFAULT NULL, "department" varchar(255) DEFAULT NULL, "univeristy" varchar(255) DEFAULT NULL, "phone" integer(10) DEFAULT NULL, "email" varchar(255) DEFAULT NULL, "created_at" datetime DEFAULT NULL, "updated_at" datetime DEFAULT NULL) [0m
  [4;35;1mSQL (0.000000)[0m   [0mSQLite3::SQLException: no such table: sessions: DROP TABLE sessions[0m
  [4;36;1mSQL (0.002085)[0m   [0;1mCREATE TABLE sessions ("id" INTEGER PRIMARY KEY AUTOINCREMENT NOT NULL, "session_id" varchar(255) DEFAULT '' NOT NULL, "data" text DEFAULT NULL, "created_at" datetime DEFAULT NULL, "updated_at" datetime DEFAULT NULL) [0m
  [4;35;1mSQL (0.001628)[0m   [0mCREATE INDEX "index_sessions_on_session_id" ON sessions ("session_id")[0m
  [4;36;1mSQL (0.001509)[0m   [0;1mCREATE INDEX "index_sessions_on_updated_at" ON sessions ("updated_at")[0m
  [4;35;1mSQL (0.000000)[0m   [0mSQLite3::SQLException: no such table: students: DROP TABLE students[0m
  [4;36;1mSQL (0.001805)[0m   [0;1mCREATE TABLE students ("id" INTEGER PRIMARY KEY AUTOINCREMENT NOT NULL, "firstname" varchar(255) DEFAULT NULL, "middlename" varchar(255) DEFAULT NULL, "lastname" varchar(255) DEFAULT NULL, "street" varchar(255) DEFAULT NULL, "city" varchar(255) DEFAULT NULL, "state" varchar(255) DEFAULT NULL, "zip" integer(9) DEFAULT NULL, "phone" integer(10) DEFAULT NULL, "pstreet" varchar(255) DEFAULT NULL, "pcity" varchar(255) DEFAULT NULL, "pstate" varchar(255) DEFAULT NULL, "pzip" integer(9) DEFAULT NULL, "pphone" integer(10) DEFAULT NULL, "email" varchar(255) DEFAULT NULL, "citezenship" varchar(255) DEFAULT NULL, "gender" varchar(255) DEFAULT NULL, "race" varchar(255) DEFAULT NULL, "disability" varchar(255) DEFAULT NULL, "college" varchar(255) DEFAULT NULL, "cstart" datetime DEFAULT NULL, "cend" datetime DEFAULT NULL, "clevel" varchar(255) DEFAULT NULL, "major" varchar(255) DEFAULT NULL, "gpa" integer(10) DEFAULT NULL, "gpa_total" integer(10) DEFAULT NULL, "prev_college" varchar(255) DEFAULT NULL, "pc_start" datetime DEFAULT NULL, "pc_end" datetime DEFAULT NULL, "recommender_id" integer DEFAULT NULL, "awards" text DEFAULT NULL, "research_experience" text DEFAULT NULL, "comments" text DEFAULT NULL, "learn" text DEFAULT NULL, "personal_statement" text DEFAULT NULL, "created_at" datetime DEFAULT NULL, "updated_at" datetime DEFAULT NULL) [0m
  [4;35;1mSQL (0.000000)[0m   [0mSQLite3::SQLException: no such table: users: DROP TABLE users[0m
  [4;36;1mSQL (0.002211)[0m   [0;1mCREATE TABLE users ("id" INTEGER PRIMARY KEY AUTOINCREMENT NOT NULL, "login" varchar(255) DEFAULT NULL, "email" varchar(255) DEFAULT NULL, "crypted_password" varchar(40) DEFAULT NULL, "salt" varchar(40) DEFAULT NULL, "created_at" datetime DEFAULT NULL, "updated_at" datetime DEFAULT NULL, "remember_token" varchar(255) DEFAULT NULL, "remember_token_expires_at" datetime DEFAULT NULL) [0m
  [4;35;1mSQL (0.002218)[0m   [0mCREATE TABLE schema_info (version integer)[0m
  [4;36;1mSQL (0.002734)[0m   [0;1mINSERT INTO schema_info (version) VALUES(0)[0m
  [4;35;1mSQL (0.001697)[0m   [0mUPDATE schema_info SET version = 5[0m
  [4;36;1mSQL (0.000430)[0m   [0;1mSET SQL_AUTO_IS_NULL=0[0m
  [4;35;1mSQL (0.078936)[0m   [0mDROP DATABASE IF EXISTS `nsfreu`[0m
  [4;36;1mSQL (0.000695)[0m   [0;1mDROP DATABASE IF EXISTS `nsfreu`[0m
  [4;36;1mSQL (0.000247)[0m   [0;1mSET SQL_AUTO_IS_NULL=0[0m
  [4;35;1mSQL (0.012709)[0m   [0mCREATE TABLE `schema_info` (version int(11))[0m
  [4;36;1mSQL (0.000609)[0m   [0;1mINSERT INTO `schema_info` (version) VALUES(0)[0m
  [4;35;1mSQL (0.000000)[0m   [0mMysql::Error: Table 'schema_info' already exists: CREATE TABLE `schema_info` (version int(11))[0m
  [4;36;1mSQL (0.000329)[0m   [0;1mSELECT version FROM schema_info[0m
Migrating to CreateSessions (1)
  [4;35;1mSQL (0.043752)[0m   [0mCREATE TABLE `sessions` (`id` int(11) DEFAULT NULL auto_increment PRIMARY KEY, `session_id` varchar(255) NOT NULL, `data` text DEFAULT NULL, `created_at` datetime DEFAULT NULL, `updated_at` datetime DEFAULT NULL) ENGINE=InnoDB[0m
  [4;36;1mSQL (0.005442)[0m   [0;1mCREATE INDEX `index_sessions_on_session_id` ON `sessions` (`session_id`)[0m
  [4;35;1mSQL (0.005659)[0m   [0mCREATE INDEX `index_sessions_on_updated_at` ON `sessions` (`updated_at`)[0m
  [4;36;1mSQL (0.000287)[0m   [0;1mUPDATE schema_info SET version = 1[0m
  [4;35;1mSQL (0.000171)[0m   [0mSELECT version FROM schema_info[0m
Migrating to CreateUsers (2)
  [4;36;1mSQL (0.000000)[0m   [0;1mMysql::Error: Unknown table 'users': DROP TABLE `users`[0m
  [4;35;1mSQL (0.002010)[0m   [0mCREATE TABLE `users` (`id` int(11) DEFAULT NULL auto_increment PRIMARY KEY, `login` varchar(255) DEFAULT NULL, `email` varchar(255) DEFAULT NULL, `crypted_password` varchar(40) DEFAULT NULL, `salt` varchar(40) DEFAULT NULL, `created_at` datetime DEFAULT NULL, `updated_at` datetime DEFAULT NULL, `remember_token` varchar(255) DEFAULT NULL, `remember_token_expires_at` datetime DEFAULT NULL) ENGINE=InnoDB[0m
  [4;36;1mSQL (0.000285)[0m   [0;1mUPDATE schema_info SET version = 2[0m
  [4;35;1mSQL (0.000193)[0m   [0mSELECT version FROM schema_info[0m
Migrating to CreateRecommendations (3)
  [4;36;1mSQL (0.002353)[0m   [0;1mCREATE TABLE `recommendations` (`id` int(11) DEFAULT NULL auto_increment PRIMARY KEY, `student_id` int(11) DEFAULT NULL, `known_student` varchar(255) DEFAULT NULL, `know_capacity` varchar(255) DEFAULT NULL, `rating` varchar(255) DEFAULT NULL, `gpa` decimal DEFAULT NULL, `gpa_total` decimal DEFAULT NULL, `undergrad_inst` tinyint(1) DEFAULT NULL, `faculty_comment` text DEFAULT NULL, `created_at` datetime DEFAULT NULL, `updated_at` datetime DEFAULT NULL) ENGINE=InnoDB[0m
  [4;35;1mSQL (0.000253)[0m   [0mUPDATE schema_info SET version = 3[0m
  [4;36;1mSQL (0.000429)[0m   [0;1mSELECT version FROM schema_info[0m
Migrating to CreateStudents (4)
  [4;35;1mSQL (0.015991)[0m   [0mCREATE TABLE `students` (`id` int(11) DEFAULT NULL auto_increment PRIMARY KEY, `firstname` varchar(255) DEFAULT NULL, `middlename` varchar(255) DEFAULT NULL, `lastname` varchar(255) DEFAULT NULL, `street` varchar(255) DEFAULT NULL, `city` varchar(255) DEFAULT NULL, `state` varchar(255) DEFAULT NULL, `zip` int(9) DEFAULT NULL, `phone` int(10) DEFAULT NULL, `pstreet` varchar(255) DEFAULT NULL, `pcity` varchar(255) DEFAULT NULL, `pstate` varchar(255) DEFAULT NULL, `pzip` int(9) DEFAULT NULL, `pphone` int(10) DEFAULT NULL, `email` varchar(255) DEFAULT NULL, `citezenship` varchar(255) DEFAULT NULL, `gender` varchar(255) DEFAULT NULL, `race` varchar(255) DEFAULT NULL, `disability` varchar(255) DEFAULT NULL, `college` varchar(255) DEFAULT NULL, `cstart` datetime DEFAULT NULL, `cend` datetime DEFAULT NULL, `clevel` varchar(255) DEFAULT NULL, `major` varchar(255) DEFAULT NULL, `gpa` decimal DEFAULT NULL, `gpa_total` decimal DEFAULT NULL, `prev_college` varchar(255) DEFAULT NULL, `pc_start` datetime DEFAULT NULL, `pc_end` datetime DEFAULT NULL, `recommender_id` int(11) DEFAULT NULL, `awards` text DEFAULT NULL, `research_experience` text DEFAULT NULL, `comments` text DEFAULT NULL, `learn` text DEFAULT NULL, `personal_statement` text DEFAULT NULL, `created_at` datetime DEFAULT NULL, `updated_at` datetime DEFAULT NULL) ENGINE=InnoDB[0m
  [4;36;1mSQL (0.000298)[0m   [0;1mUPDATE schema_info SET version = 4[0m
  [4;35;1mSQL (0.000274)[0m   [0mSELECT version FROM schema_info[0m
Migrating to CreateRecommenders (5)
  [4;36;1mSQL (0.002890)[0m   [0;1mCREATE TABLE `recommenders` (`id` int(11) DEFAULT NULL auto_increment PRIMARY KEY, `firstname` varchar(255) DEFAULT NULL, `middlename` varchar(255) DEFAULT NULL, `lastname` varchar(255) DEFAULT NULL, `title` varchar(255) DEFAULT NULL, `department` varchar(255) DEFAULT NULL, `univeristy` varchar(255) DEFAULT NULL, `phone` int(10) DEFAULT NULL, `email` varchar(255) DEFAULT NULL, `created_at` datetime DEFAULT NULL, `updated_at` datetime DEFAULT NULL) ENGINE=InnoDB[0m
  [4;35;1mSQL (0.000648)[0m   [0mUPDATE schema_info SET version = 5[0m
  [4;36;1mSQL (0.000253)[0m   [0;1mSELECT * FROM schema_info[0m
  [4;35;1mSQL (0.000821)[0m   [0mSHOW TABLES[0m
  [4;36;1mSQL (0.002158)[0m   [0;1mSHOW FIELDS FROM `recommendations`[0m
  [4;35;1mSQL (0.002231)[0m   [0mdescribe `recommendations`[0m
  [4;36;1mSQL (0.000366)[0m   [0;1mSHOW KEYS FROM `recommendations`[0m
  [4;35;1mSQL (0.001789)[0m   [0mSHOW FIELDS FROM `recommenders`[0m
  [4;36;1mSQL (0.002414)[0m   [0;1mdescribe `recommenders`[0m
  [4;35;1mSQL (0.000542)[0m   [0mSHOW KEYS FROM `recommenders`[0m
  [4;36;1mSQL (0.002055)[0m   [0;1mSHOW FIELDS FROM `sessions`[0m
  [4;35;1mSQL (0.001798)[0m   [0mdescribe `sessions`[0m
  [4;36;1mSQL (0.000973)[0m   [0;1mSHOW KEYS FROM `sessions`[0m
  [4;35;1mSQL (0.015893)[0m   [0mSHOW FIELDS FROM `students`[0m
  [4;36;1mSQL (0.004805)[0m   [0;1mdescribe `students`[0m
  [4;35;1mSQL (0.000369)[0m   [0mSHOW KEYS FROM `students`[0m
  [4;36;1mSQL (0.001783)[0m   [0;1mSHOW FIELDS FROM `users`[0m
  [4;35;1mSQL (0.002679)[0m   [0mdescribe `users`[0m
  [4;36;1mSQL (0.001248)[0m   [0;1mSHOW KEYS FROM `users`[0m
